{"C:\\Users\\zyad\\Downloads\\Qareeblak-main\\server\\middleware\\auth.js": {"path":"C:\\Users\\zyad\\Downloads\\Qareeblak-main\\server\\middleware\\auth.js","statementMap":{"0":{"start":{"line":1,"column":12},"end":{"line":1,"column":35}},"1":{"start":{"line":2,"column":11},"end":{"line":2,"column":27}},"2":{"start":{"line":3,"column":32},"end":{"line":3,"column":57}},"3":{"start":{"line":4,"column":23},"end":{"line":4,"column":41}},"4":{"start":{"line":5,"column":15},"end":{"line":5,"column":41}},"5":{"start":{"line":8,"column":19},"end":{"line":8,"column":74}},"6":{"start":{"line":9,"column":27},"end":{"line":9,"column":83}},"7":{"start":{"line":13,"column":16},"end":{"line":15,"column":8}},"8":{"start":{"line":14,"column":54},"end":{"line":14,"column":62}},"9":{"start":{"line":16,"column":20},"end":{"line":16,"column":81}},"10":{"start":{"line":18,"column":0},"end":{"line":21,"column":1}},"11":{"start":{"line":19,"column":4},"end":{"line":19,"column":91}},"12":{"start":{"line":20,"column":4},"end":{"line":20,"column":20}},"13":{"start":{"line":27,"column":17},"end":{"line":27,"column":71}},"14":{"start":{"line":28,"column":18},"end":{"line":28,"column":22}},"15":{"start":{"line":30,"column":4},"end":{"line":38,"column":5}},"16":{"start":{"line":31,"column":8},"end":{"line":37,"column":9}},"17":{"start":{"line":32,"column":12},"end":{"line":32,"column":45}},"18":{"start":{"line":34,"column":12},"end":{"line":34,"column":26}},"19":{"start":{"line":35,"column":12},"end":{"line":35,"column":98}},"20":{"start":{"line":35,"column":89},"end":{"line":35,"column":98}},"21":{"start":{"line":36,"column":12},"end":{"line":36,"column":18}},"22":{"start":{"line":39,"column":4},"end":{"line":39,"column":18}},"23":{"start":{"line":44,"column":23},"end":{"line":44,"column":25}},"24":{"start":{"line":51,"column":26},"end":{"line":51,"column":131}},"25":{"start":{"line":52,"column":23},"end":{"line":65,"column":1}},"26":{"start":{"line":54,"column":8},"end":{"line":57,"column":10}},"27":{"start":{"line":67,"column":0},"end":{"line":67,"column":146}},"28":{"start":{"line":67,"column":32},"end":{"line":67,"column":144}},"29":{"start":{"line":68,"column":0},"end":{"line":68,"column":114}},"30":{"start":{"line":68,"column":36},"end":{"line":68,"column":112}},"31":{"start":{"line":69,"column":0},"end":{"line":69,"column":121}},"32":{"start":{"line":69,"column":33},"end":{"line":69,"column":119}},"33":{"start":{"line":70,"column":0},"end":{"line":73,"column":3}},"34":{"start":{"line":71,"column":4},"end":{"line":71,"column":95}},"35":{"start":{"line":72,"column":4},"end":{"line":72,"column":43}},"36":{"start":{"line":82,"column":21},"end":{"line":82,"column":45}},"37":{"start":{"line":85,"column":4},"end":{"line":94,"column":5}},"38":{"start":{"line":86,"column":8},"end":{"line":93,"column":9}},"39":{"start":{"line":87,"column":27},"end":{"line":87,"column":58}},"40":{"start":{"line":88,"column":12},"end":{"line":90,"column":13}},"41":{"start":{"line":89,"column":16},"end":{"line":89,"column":42}},"42":{"start":{"line":98,"column":4},"end":{"line":105,"column":5}},"43":{"start":{"line":99,"column":8},"end":{"line":99,"column":51}},"44":{"start":{"line":101,"column":8},"end":{"line":103,"column":9}},"45":{"start":{"line":102,"column":12},"end":{"line":102,"column":24}},"46":{"start":{"line":104,"column":8},"end":{"line":104,"column":20}},"47":{"start":{"line":107,"column":4},"end":{"line":107,"column":46}},"48":{"start":{"line":107,"column":34},"end":{"line":107,"column":46}},"49":{"start":{"line":109,"column":17},"end":{"line":109,"column":31}},"50":{"start":{"line":112,"column":4},"end":{"line":114,"column":5}},"51":{"start":{"line":113,"column":8},"end":{"line":113,"column":31}},"52":{"start":{"line":115,"column":4},"end":{"line":117,"column":5}},"53":{"start":{"line":116,"column":8},"end":{"line":116,"column":36}},"54":{"start":{"line":118,"column":4},"end":{"line":120,"column":5}},"55":{"start":{"line":119,"column":8},"end":{"line":119,"column":35}},"56":{"start":{"line":123,"column":4},"end":{"line":129,"column":5}},"57":{"start":{"line":124,"column":8},"end":{"line":128,"column":9}},"58":{"start":{"line":125,"column":12},"end":{"line":125,"column":88}},"59":{"start":{"line":131,"column":4},"end":{"line":131,"column":16}},"60":{"start":{"line":139,"column":4},"end":{"line":143,"column":5}},"61":{"start":{"line":140,"column":8},"end":{"line":142,"column":41}},"62":{"start":{"line":141,"column":12},"end":{"line":141,"column":60}},"63":{"start":{"line":150,"column":20},"end":{"line":203,"column":1}},"64":{"start":{"line":151,"column":23},"end":{"line":151,"column":48}},"65":{"start":{"line":152,"column":16},"end":{"line":152,"column":20}},"66":{"start":{"line":154,"column":4},"end":{"line":159,"column":5}},"67":{"start":{"line":155,"column":8},"end":{"line":155,"column":41}},"68":{"start":{"line":156,"column":11},"end":{"line":159,"column":5}},"69":{"start":{"line":158,"column":8},"end":{"line":158,"column":40}},"70":{"start":{"line":161,"column":4},"end":{"line":163,"column":5}},"71":{"start":{"line":162,"column":8},"end":{"line":162,"column":79}},"72":{"start":{"line":165,"column":4},"end":{"line":202,"column":5}},"73":{"start":{"line":166,"column":24},"end":{"line":166,"column":50}},"74":{"start":{"line":169,"column":8},"end":{"line":171,"column":9}},"75":{"start":{"line":170,"column":12},"end":{"line":170,"column":107}},"76":{"start":{"line":174,"column":21},"end":{"line":174,"column":55}},"77":{"start":{"line":176,"column":8},"end":{"line":178,"column":9}},"78":{"start":{"line":177,"column":12},"end":{"line":177,"column":84}},"79":{"start":{"line":182,"column":8},"end":{"line":185,"column":9}},"80":{"start":{"line":183,"column":12},"end":{"line":183,"column":50}},"81":{"start":{"line":184,"column":12},"end":{"line":184,"column":88}},"82":{"start":{"line":188,"column":8},"end":{"line":190,"column":9}},"83":{"start":{"line":189,"column":12},"end":{"line":189,"column":124}},"84":{"start":{"line":192,"column":8},"end":{"line":192,"column":24}},"85":{"start":{"line":193,"column":8},"end":{"line":193,"column":15}},"86":{"start":{"line":195,"column":8},"end":{"line":197,"column":9}},"87":{"start":{"line":196,"column":12},"end":{"line":196,"column":119}},"88":{"start":{"line":198,"column":8},"end":{"line":200,"column":9}},"89":{"start":{"line":199,"column":12},"end":{"line":199,"column":100}},"90":{"start":{"line":201,"column":8},"end":{"line":201,"column":91}},"91":{"start":{"line":208,"column":16},"end":{"line":213,"column":1}},"92":{"start":{"line":209,"column":4},"end":{"line":211,"column":5}},"93":{"start":{"line":210,"column":8},"end":{"line":210,"column":81}},"94":{"start":{"line":212,"column":4},"end":{"line":212,"column":11}},"95":{"start":{"line":218,"column":26},"end":{"line":223,"column":1}},"96":{"start":{"line":219,"column":4},"end":{"line":221,"column":5}},"97":{"start":{"line":220,"column":8},"end":{"line":220,"column":74}},"98":{"start":{"line":222,"column":4},"end":{"line":222,"column":11}},"99":{"start":{"line":228,"column":25},"end":{"line":236,"column":1}},"100":{"start":{"line":229,"column":17},"end":{"line":229,"column":36}},"101":{"start":{"line":230,"column":25},"end":{"line":230,"column":103}},"102":{"start":{"line":232,"column":4},"end":{"line":234,"column":5}},"103":{"start":{"line":233,"column":8},"end":{"line":233,"column":80}},"104":{"start":{"line":235,"column":4},"end":{"line":235,"column":11}},"105":{"start":{"line":242,"column":26},"end":{"line":277,"column":1}},"106":{"start":{"line":243,"column":4},"end":{"line":276,"column":5}},"107":{"start":{"line":244,"column":20},"end":{"line":244,"column":107}},"108":{"start":{"line":245,"column":8},"end":{"line":251,"column":9}},"109":{"start":{"line":246,"column":28},"end":{"line":246,"column":91}},"110":{"start":{"line":246,"column":82},"end":{"line":246,"column":90}},"111":{"start":{"line":247,"column":33},"end":{"line":247,"column":82}},"112":{"start":{"line":247,"column":53},"end":{"line":247,"column":81}},"113":{"start":{"line":248,"column":12},"end":{"line":250,"column":13}},"114":{"start":{"line":249,"column":16},"end":{"line":249,"column":70}},"115":{"start":{"line":252,"column":8},"end":{"line":252,"column":82}},"116":{"start":{"line":252,"column":20},"end":{"line":252,"column":82}},"117":{"start":{"line":254,"column":24},"end":{"line":254,"column":50}},"118":{"start":{"line":257,"column":8},"end":{"line":259,"column":9}},"119":{"start":{"line":258,"column":12},"end":{"line":258,"column":86}},"120":{"start":{"line":261,"column":21},"end":{"line":261,"column":55}},"121":{"start":{"line":263,"column":8},"end":{"line":265,"column":9}},"122":{"start":{"line":264,"column":12},"end":{"line":264,"column":83}},"123":{"start":{"line":268,"column":8},"end":{"line":270,"column":9}},"124":{"start":{"line":269,"column":12},"end":{"line":269,"column":76}},"125":{"start":{"line":272,"column":8},"end":{"line":272,"column":27}},"126":{"start":{"line":273,"column":8},"end":{"line":273,"column":15}},"127":{"start":{"line":275,"column":8},"end":{"line":275,"column":63}},"128":{"start":{"line":279,"column":0},"end":{"line":286,"column":2}}},"fnMap":{"0":{"name":"(anonymous_0)","decl":{"start":{"line":14,"column":49},"end":{"line":14,"column":50}},"loc":{"start":{"line":14,"column":54},"end":{"line":14,"column":62}},"line":14},"1":{"name":"verifyJWT","decl":{"start":{"line":26,"column":9},"end":{"line":26,"column":18}},"loc":{"start":{"line":26,"column":43},"end":{"line":40,"column":1}},"line":26},"2":{"name":"(anonymous_2)","decl":{"start":{"line":53,"column":4},"end":{"line":53,"column":5}},"loc":{"start":{"line":53,"column":22},"end":{"line":58,"column":5}},"line":53},"3":{"name":"(anonymous_3)","decl":{"start":{"line":67,"column":26},"end":{"line":67,"column":27}},"loc":{"start":{"line":67,"column":32},"end":{"line":67,"column":144}},"line":67},"4":{"name":"(anonymous_4)","decl":{"start":{"line":68,"column":30},"end":{"line":68,"column":31}},"loc":{"start":{"line":68,"column":36},"end":{"line":68,"column":112}},"line":68},"5":{"name":"(anonymous_5)","decl":{"start":{"line":69,"column":27},"end":{"line":69,"column":28}},"loc":{"start":{"line":69,"column":33},"end":{"line":69,"column":119}},"line":69},"6":{"name":"(anonymous_6)","decl":{"start":{"line":70,"column":30},"end":{"line":70,"column":31}},"loc":{"start":{"line":70,"column":36},"end":{"line":73,"column":1}},"line":70},"7":{"name":"getUserWithCache","decl":{"start":{"line":81,"column":15},"end":{"line":81,"column":31}},"loc":{"start":{"line":81,"column":40},"end":{"line":132,"column":1}},"line":81},"8":{"name":"invalidateUserCache","decl":{"start":{"line":138,"column":15},"end":{"line":138,"column":34}},"loc":{"start":{"line":138,"column":43},"end":{"line":144,"column":1}},"line":138},"9":{"name":"(anonymous_9)","decl":{"start":{"line":150,"column":20},"end":{"line":150,"column":21}},"loc":{"start":{"line":150,"column":46},"end":{"line":203,"column":1}},"line":150},"10":{"name":"(anonymous_10)","decl":{"start":{"line":208,"column":16},"end":{"line":208,"column":17}},"loc":{"start":{"line":208,"column":36},"end":{"line":213,"column":1}},"line":208},"11":{"name":"(anonymous_11)","decl":{"start":{"line":218,"column":26},"end":{"line":218,"column":27}},"loc":{"start":{"line":218,"column":46},"end":{"line":223,"column":1}},"line":218},"12":{"name":"(anonymous_12)","decl":{"start":{"line":228,"column":25},"end":{"line":228,"column":26}},"loc":{"start":{"line":228,"column":45},"end":{"line":236,"column":1}},"line":228},"13":{"name":"(anonymous_13)","decl":{"start":{"line":242,"column":26},"end":{"line":242,"column":27}},"loc":{"start":{"line":242,"column":50},"end":{"line":277,"column":1}},"line":242},"14":{"name":"(anonymous_14)","decl":{"start":{"line":246,"column":75},"end":{"line":246,"column":76}},"loc":{"start":{"line":246,"column":82},"end":{"line":246,"column":90}},"line":246},"15":{"name":"(anonymous_15)","decl":{"start":{"line":247,"column":46},"end":{"line":247,"column":47}},"loc":{"start":{"line":247,"column":53},"end":{"line":247,"column":81}},"line":247}},"branchMap":{"0":{"loc":{"start":{"line":8,"column":19},"end":{"line":8,"column":74}},"type":"binary-expr","locations":[{"start":{"line":8,"column":19},"end":{"line":8,"column":48}},{"start":{"line":8,"column":52},"end":{"line":8,"column":74}}],"line":8},"1":{"loc":{"start":{"line":9,"column":27},"end":{"line":9,"column":83}},"type":"binary-expr","locations":[{"start":{"line":9,"column":27},"end":{"line":9,"column":57}},{"start":{"line":9,"column":61},"end":{"line":9,"column":83}}],"line":9},"2":{"loc":{"start":{"line":13,"column":16},"end":{"line":15,"column":8}},"type":"cond-expr","locations":[{"start":{"line":14,"column":6},"end":{"line":14,"column":79}},{"start":{"line":15,"column":6},"end":{"line":15,"column":8}}],"line":13},"3":{"loc":{"start":{"line":18,"column":0},"end":{"line":21,"column":1}},"type":"if","locations":[{"start":{"line":18,"column":0},"end":{"line":21,"column":1}},{"start":{},"end":{}}],"line":18},"4":{"loc":{"start":{"line":26,"column":26},"end":{"line":26,"column":41}},"type":"default-arg","locations":[{"start":{"line":26,"column":33},"end":{"line":26,"column":41}}],"line":26},"5":{"loc":{"start":{"line":27,"column":17},"end":{"line":27,"column":71}},"type":"cond-expr","locations":[{"start":{"line":27,"column":37},"end":{"line":27,"column":48}},{"start":{"line":27,"column":51},"end":{"line":27,"column":71}}],"line":27},"6":{"loc":{"start":{"line":35,"column":12},"end":{"line":35,"column":98}},"type":"if","locations":[{"start":{"line":35,"column":12},"end":{"line":35,"column":98}},{"start":{},"end":{}}],"line":35},"7":{"loc":{"start":{"line":35,"column":16},"end":{"line":35,"column":87}},"type":"binary-expr","locations":[{"start":{"line":35,"column":16},"end":{"line":35,"column":48}},{"start":{"line":35,"column":52},"end":{"line":35,"column":87}}],"line":35},"8":{"loc":{"start":{"line":85,"column":4},"end":{"line":94,"column":5}},"type":"if","locations":[{"start":{"line":85,"column":4},"end":{"line":94,"column":5}},{"start":{},"end":{}}],"line":85},"9":{"loc":{"start":{"line":85,"column":8},"end":{"line":85,"column":53}},"type":"binary-expr","locations":[{"start":{"line":85,"column":8},"end":{"line":85,"column":19}},{"start":{"line":85,"column":23},"end":{"line":85,"column":53}}],"line":85},"10":{"loc":{"start":{"line":88,"column":12},"end":{"line":90,"column":13}},"type":"if","locations":[{"start":{"line":88,"column":12},"end":{"line":90,"column":13}},{"start":{},"end":{}}],"line":88},"11":{"loc":{"start":{"line":101,"column":8},"end":{"line":103,"column":9}},"type":"if","locations":[{"start":{"line":101,"column":8},"end":{"line":103,"column":9}},{"start":{},"end":{}}],"line":101},"12":{"loc":{"start":{"line":101,"column":12},"end":{"line":101,"column":84}},"type":"binary-expr","locations":[{"start":{"line":101,"column":12},"end":{"line":101,"column":51}},{"start":{"line":101,"column":55},"end":{"line":101,"column":84}}],"line":101},"13":{"loc":{"start":{"line":107,"column":4},"end":{"line":107,"column":46}},"type":"if","locations":[{"start":{"line":107,"column":4},"end":{"line":107,"column":46}},{"start":{},"end":{}}],"line":107},"14":{"loc":{"start":{"line":112,"column":4},"end":{"line":114,"column":5}},"type":"if","locations":[{"start":{"line":112,"column":4},"end":{"line":114,"column":5}},{"start":{},"end":{}}],"line":112},"15":{"loc":{"start":{"line":112,"column":8},"end":{"line":112,"column":71}},"type":"binary-expr","locations":[{"start":{"line":112,"column":8},"end":{"line":112,"column":40}},{"start":{"line":112,"column":44},"end":{"line":112,"column":71}}],"line":112},"16":{"loc":{"start":{"line":115,"column":4},"end":{"line":117,"column":5}},"type":"if","locations":[{"start":{"line":115,"column":4},"end":{"line":117,"column":5}},{"start":{},"end":{}}],"line":115},"17":{"loc":{"start":{"line":115,"column":8},"end":{"line":115,"column":81}},"type":"binary-expr","locations":[{"start":{"line":115,"column":8},"end":{"line":115,"column":45}},{"start":{"line":115,"column":49},"end":{"line":115,"column":81}}],"line":115},"18":{"loc":{"start":{"line":118,"column":4},"end":{"line":120,"column":5}},"type":"if","locations":[{"start":{"line":118,"column":4},"end":{"line":120,"column":5}},{"start":{},"end":{}}],"line":118},"19":{"loc":{"start":{"line":118,"column":8},"end":{"line":118,"column":42}},"type":"binary-expr","locations":[{"start":{"line":118,"column":8},"end":{"line":118,"column":18}},{"start":{"line":118,"column":22},"end":{"line":118,"column":42}}],"line":118},"20":{"loc":{"start":{"line":123,"column":4},"end":{"line":129,"column":5}},"type":"if","locations":[{"start":{"line":123,"column":4},"end":{"line":129,"column":5}},{"start":{},"end":{}}],"line":123},"21":{"loc":{"start":{"line":123,"column":8},"end":{"line":123,"column":53}},"type":"binary-expr","locations":[{"start":{"line":123,"column":8},"end":{"line":123,"column":19}},{"start":{"line":123,"column":23},"end":{"line":123,"column":53}}],"line":123},"22":{"loc":{"start":{"line":139,"column":4},"end":{"line":143,"column":5}},"type":"if","locations":[{"start":{"line":139,"column":4},"end":{"line":143,"column":5}},{"start":{},"end":{}}],"line":139},"23":{"loc":{"start":{"line":139,"column":8},"end":{"line":139,"column":53}},"type":"binary-expr","locations":[{"start":{"line":139,"column":8},"end":{"line":139,"column":19}},{"start":{"line":139,"column":23},"end":{"line":139,"column":53}}],"line":139},"24":{"loc":{"start":{"line":154,"column":4},"end":{"line":159,"column":5}},"type":"if","locations":[{"start":{"line":154,"column":4},"end":{"line":159,"column":5}},{"start":{"line":156,"column":11},"end":{"line":159,"column":5}}],"line":154},"25":{"loc":{"start":{"line":154,"column":8},"end":{"line":154,"column":54}},"type":"binary-expr","locations":[{"start":{"line":154,"column":8},"end":{"line":154,"column":18}},{"start":{"line":154,"column":22},"end":{"line":154,"column":54}}],"line":154},"26":{"loc":{"start":{"line":156,"column":11},"end":{"line":159,"column":5}},"type":"if","locations":[{"start":{"line":156,"column":11},"end":{"line":159,"column":5}},{"start":{},"end":{}}],"line":156},"27":{"loc":{"start":{"line":156,"column":15},"end":{"line":156,"column":53}},"type":"binary-expr","locations":[{"start":{"line":156,"column":15},"end":{"line":156,"column":26}},{"start":{"line":156,"column":30},"end":{"line":156,"column":53}}],"line":156},"28":{"loc":{"start":{"line":161,"column":4},"end":{"line":163,"column":5}},"type":"if","locations":[{"start":{"line":161,"column":4},"end":{"line":163,"column":5}},{"start":{},"end":{}}],"line":161},"29":{"loc":{"start":{"line":169,"column":8},"end":{"line":171,"column":9}},"type":"if","locations":[{"start":{"line":169,"column":8},"end":{"line":171,"column":9}},{"start":{},"end":{}}],"line":169},"30":{"loc":{"start":{"line":176,"column":8},"end":{"line":178,"column":9}},"type":"if","locations":[{"start":{"line":176,"column":8},"end":{"line":178,"column":9}},{"start":{},"end":{}}],"line":176},"31":{"loc":{"start":{"line":182,"column":8},"end":{"line":185,"column":9}},"type":"if","locations":[{"start":{"line":182,"column":8},"end":{"line":185,"column":9}},{"start":{},"end":{}}],"line":182},"32":{"loc":{"start":{"line":188,"column":8},"end":{"line":190,"column":9}},"type":"if","locations":[{"start":{"line":188,"column":8},"end":{"line":190,"column":9}},{"start":{},"end":{}}],"line":188},"33":{"loc":{"start":{"line":188,"column":12},"end":{"line":188,"column":71}},"type":"binary-expr","locations":[{"start":{"line":188,"column":12},"end":{"line":188,"column":35}},{"start":{"line":188,"column":39},"end":{"line":188,"column":71}}],"line":188},"34":{"loc":{"start":{"line":195,"column":8},"end":{"line":197,"column":9}},"type":"if","locations":[{"start":{"line":195,"column":8},"end":{"line":197,"column":9}},{"start":{},"end":{}}],"line":195},"35":{"loc":{"start":{"line":195,"column":12},"end":{"line":195,"column":84}},"type":"binary-expr","locations":[{"start":{"line":195,"column":12},"end":{"line":195,"column":51}},{"start":{"line":195,"column":55},"end":{"line":195,"column":84}}],"line":195},"36":{"loc":{"start":{"line":198,"column":8},"end":{"line":200,"column":9}},"type":"if","locations":[{"start":{"line":198,"column":8},"end":{"line":200,"column":9}},{"start":{},"end":{}}],"line":198},"37":{"loc":{"start":{"line":209,"column":4},"end":{"line":211,"column":5}},"type":"if","locations":[{"start":{"line":209,"column":4},"end":{"line":211,"column":5}},{"start":{},"end":{}}],"line":209},"38":{"loc":{"start":{"line":209,"column":8},"end":{"line":209,"column":51}},"type":"binary-expr","locations":[{"start":{"line":209,"column":8},"end":{"line":209,"column":17}},{"start":{"line":209,"column":21},"end":{"line":209,"column":51}}],"line":209},"39":{"loc":{"start":{"line":219,"column":4},"end":{"line":221,"column":5}},"type":"if","locations":[{"start":{"line":219,"column":4},"end":{"line":221,"column":5}},{"start":{},"end":{}}],"line":219},"40":{"loc":{"start":{"line":219,"column":8},"end":{"line":219,"column":90}},"type":"binary-expr","locations":[{"start":{"line":219,"column":8},"end":{"line":219,"column":17}},{"start":{"line":219,"column":22},"end":{"line":219,"column":55}},{"start":{"line":219,"column":59},"end":{"line":219,"column":89}}],"line":219},"41":{"loc":{"start":{"line":232,"column":4},"end":{"line":234,"column":5}},"type":"if","locations":[{"start":{"line":232,"column":4},"end":{"line":234,"column":5}},{"start":{},"end":{}}],"line":232},"42":{"loc":{"start":{"line":232,"column":8},"end":{"line":232,"column":49}},"type":"binary-expr","locations":[{"start":{"line":232,"column":8},"end":{"line":232,"column":17}},{"start":{"line":232,"column":21},"end":{"line":232,"column":49}}],"line":232},"43":{"loc":{"start":{"line":244,"column":20},"end":{"line":244,"column":107}},"type":"binary-expr","locations":[{"start":{"line":244,"column":20},"end":{"line":244,"column":47}},{"start":{"line":244,"column":51},"end":{"line":244,"column":107}}],"line":244},"44":{"loc":{"start":{"line":245,"column":8},"end":{"line":251,"column":9}},"type":"if","locations":[{"start":{"line":245,"column":8},"end":{"line":251,"column":9}},{"start":{},"end":{}}],"line":245},"45":{"loc":{"start":{"line":245,"column":12},"end":{"line":245,"column":54}},"type":"binary-expr","locations":[{"start":{"line":245,"column":12},"end":{"line":245,"column":18}},{"start":{"line":245,"column":22},"end":{"line":245,"column":54}}],"line":245},"46":{"loc":{"start":{"line":248,"column":12},"end":{"line":250,"column":13}},"type":"if","locations":[{"start":{"line":248,"column":12},"end":{"line":250,"column":13}},{"start":{},"end":{}}],"line":248},"47":{"loc":{"start":{"line":252,"column":8},"end":{"line":252,"column":82}},"type":"if","locations":[{"start":{"line":252,"column":8},"end":{"line":252,"column":82}},{"start":{},"end":{}}],"line":252},"48":{"loc":{"start":{"line":257,"column":8},"end":{"line":259,"column":9}},"type":"if","locations":[{"start":{"line":257,"column":8},"end":{"line":259,"column":9}},{"start":{},"end":{}}],"line":257},"49":{"loc":{"start":{"line":263,"column":8},"end":{"line":265,"column":9}},"type":"if","locations":[{"start":{"line":263,"column":8},"end":{"line":265,"column":9}},{"start":{},"end":{}}],"line":263},"50":{"loc":{"start":{"line":263,"column":12},"end":{"line":263,"column":35}},"type":"binary-expr","locations":[{"start":{"line":263,"column":12},"end":{"line":263,"column":17}},{"start":{"line":263,"column":21},"end":{"line":263,"column":35}}],"line":263},"51":{"loc":{"start":{"line":268,"column":8},"end":{"line":270,"column":9}},"type":"if","locations":[{"start":{"line":268,"column":8},"end":{"line":270,"column":9}},{"start":{},"end":{}}],"line":268},"52":{"loc":{"start":{"line":268,"column":12},"end":{"line":268,"column":71}},"type":"binary-expr","locations":[{"start":{"line":268,"column":12},"end":{"line":268,"column":35}},{"start":{"line":268,"column":39},"end":{"line":268,"column":71}}],"line":268}},"s":{"0":1,"1":1,"2":1,"3":1,"4":1,"5":1,"6":1,"7":1,"8":0,"9":1,"10":1,"11":0,"12":0,"13":0,"14":0,"15":0,"16":0,"17":0,"18":0,"19":0,"20":0,"21":0,"22":0,"23":1,"24":1,"25":1,"26":0,"27":1,"28":0,"29":1,"30":0,"31":1,"32":0,"33":1,"34":0,"35":0,"36":0,"37":0,"38":0,"39":0,"40":0,"41":0,"42":0,"43":0,"44":0,"45":0,"46":0,"47":0,"48":0,"49":0,"50":0,"51":0,"52":0,"53":0,"54":0,"55":0,"56":0,"57":0,"58":0,"59":0,"60":0,"61":0,"62":0,"63":1,"64":0,"65":0,"66":0,"67":0,"68":0,"69":0,"70":0,"71":0,"72":0,"73":0,"74":0,"75":0,"76":0,"77":0,"78":0,"79":0,"80":0,"81":0,"82":0,"83":0,"84":0,"85":0,"86":0,"87":0,"88":0,"89":0,"90":0,"91":1,"92":0,"93":0,"94":0,"95":1,"96":0,"97":0,"98":0,"99":1,"100":0,"101":0,"102":0,"103":0,"104":0,"105":1,"106":0,"107":0,"108":0,"109":0,"110":0,"111":0,"112":0,"113":0,"114":0,"115":0,"116":0,"117":0,"118":0,"119":0,"120":0,"121":0,"122":0,"123":0,"124":0,"125":0,"126":0,"127":0,"128":1},"f":{"0":0,"1":0,"2":0,"3":0,"4":0,"5":0,"6":0,"7":0,"8":0,"9":0,"10":0,"11":0,"12":0,"13":0,"14":0,"15":0},"b":{"0":[1,1],"1":[1,1],"2":[0,1],"3":[0,1],"4":[0],"5":[0,0],"6":[0,0],"7":[0,0],"8":[0,0],"9":[0,0],"10":[0,0],"11":[0,0],"12":[0,0],"13":[0,0],"14":[0,0],"15":[0,0],"16":[0,0],"17":[0,0],"18":[0,0],"19":[0,0],"20":[0,0],"21":[0,0],"22":[0,0],"23":[0,0],"24":[0,0],"25":[0,0],"26":[0,0],"27":[0,0],"28":[0,0],"29":[0,0],"30":[0,0],"31":[0,0],"32":[0,0],"33":[0,0],"34":[0,0],"35":[0,0],"36":[0,0],"37":[0,0],"38":[0,0],"39":[0,0],"40":[0,0,0],"41":[0,0],"42":[0,0],"43":[0,0],"44":[0,0],"45":[0,0],"46":[0,0],"47":[0,0],"48":[0,0],"49":[0,0],"50":[0,0],"51":[0,0],"52":[0,0]},"_coverageSchema":"1a1c01bbd47fc00a2c39e90264f33305004495a9","hash":"7897b3ccce8a4342194f7e1d76f67473052ddff6"}
,"C:\\Users\\zyad\\Downloads\\Qareeblak-main\\server\\repositories\\booking.repository.js": {"path":"C:\\Users\\zyad\\Downloads\\Qareeblak-main\\server\\repositories\\booking.repository.js","statementMap":{"0":{"start":{"line":1,"column":13},"end":{"line":1,"column":29}},"1":{"start":{"line":3,"column":27},"end":{"line":3,"column":31}},"2":{"start":{"line":4,"column":31},"end":{"line":4,"column":35}},"3":{"start":{"line":5,"column":33},"end":{"line":5,"column":37}},"4":{"start":{"line":6,"column":24},"end":{"line":6,"column":28}},"5":{"start":{"line":9,"column":4},"end":{"line":9,"column":58}},"6":{"start":{"line":9,"column":30},"end":{"line":9,"column":58}},"7":{"start":{"line":11,"column":19},"end":{"line":15,"column":5}},"8":{"start":{"line":17,"column":4},"end":{"line":17,"column":78}},"9":{"start":{"line":17,"column":60},"end":{"line":17,"column":75}},"10":{"start":{"line":18,"column":4},"end":{"line":18,"column":32}},"11":{"start":{"line":22,"column":4},"end":{"line":22,"column":66}},"12":{"start":{"line":22,"column":34},"end":{"line":22,"column":66}},"13":{"start":{"line":24,"column":19},"end":{"line":28,"column":5}},"14":{"start":{"line":30,"column":4},"end":{"line":30,"column":82}},"15":{"start":{"line":30,"column":64},"end":{"line":30,"column":79}},"16":{"start":{"line":31,"column":4},"end":{"line":31,"column":36}},"17":{"start":{"line":35,"column":4},"end":{"line":35,"column":70}},"18":{"start":{"line":35,"column":36},"end":{"line":35,"column":70}},"19":{"start":{"line":37,"column":19},"end":{"line":41,"column":5}},"20":{"start":{"line":43,"column":4},"end":{"line":43,"column":84}},"21":{"start":{"line":43,"column":66},"end":{"line":43,"column":81}},"22":{"start":{"line":44,"column":4},"end":{"line":44,"column":38}},"23":{"start":{"line":48,"column":4},"end":{"line":48,"column":52}},"24":{"start":{"line":48,"column":27},"end":{"line":48,"column":52}},"25":{"start":{"line":50,"column":19},"end":{"line":54,"column":5}},"26":{"start":{"line":56,"column":4},"end":{"line":56,"column":75}},"27":{"start":{"line":56,"column":57},"end":{"line":56,"column":72}},"28":{"start":{"line":57,"column":4},"end":{"line":57,"column":29}},"29":{"start":{"line":63,"column":23},"end":{"line":63,"column":43}},"30":{"start":{"line":64,"column":8},"end":{"line":64,"column":36}},"31":{"start":{"line":65,"column":8},"end":{"line":65,"column":22}},"32":{"start":{"line":69,"column":8},"end":{"line":69,"column":37}},"33":{"start":{"line":70,"column":8},"end":{"line":70,"column":25}},"34":{"start":{"line":74,"column":8},"end":{"line":74,"column":39}},"35":{"start":{"line":75,"column":8},"end":{"line":75,"column":25}},"36":{"start":{"line":79,"column":22},"end":{"line":85,"column":9}},"37":{"start":{"line":86,"column":23},"end":{"line":86,"column":67}},"38":{"start":{"line":87,"column":8},"end":{"line":87,"column":30}},"39":{"start":{"line":91,"column":21},"end":{"line":91,"column":51}},"40":{"start":{"line":92,"column":27},"end":{"line":92,"column":29}},"41":{"start":{"line":93,"column":23},"end":{"line":93,"column":25}},"42":{"start":{"line":94,"column":23},"end":{"line":94,"column":25}},"43":{"start":{"line":96,"column":27},"end":{"line":100,"column":9}},"44":{"start":{"line":97,"column":12},"end":{"line":97,"column":36}},"45":{"start":{"line":98,"column":12},"end":{"line":98,"column":31}},"46":{"start":{"line":99,"column":12},"end":{"line":99,"column":45}},"47":{"start":{"line":102,"column":8},"end":{"line":102,"column":63}},"48":{"start":{"line":102,"column":33},"end":{"line":102,"column":63}},"49":{"start":{"line":104,"column":8},"end":{"line":108,"column":9}},"50":{"start":{"line":105,"column":12},"end":{"line":105,"column":50}},"51":{"start":{"line":106,"column":15},"end":{"line":108,"column":9}},"52":{"start":{"line":107,"column":12},"end":{"line":107,"column":51}},"53":{"start":{"line":110,"column":8},"end":{"line":110,"column":86}},"54":{"start":{"line":110,"column":41},"end":{"line":110,"column":86}},"55":{"start":{"line":111,"column":8},"end":{"line":111,"column":74}},"56":{"start":{"line":111,"column":34},"end":{"line":111,"column":74}},"57":{"start":{"line":112,"column":8},"end":{"line":112,"column":64}},"58":{"start":{"line":112,"column":32},"end":{"line":112,"column":64}},"59":{"start":{"line":113,"column":8},"end":{"line":113,"column":75}},"60":{"start":{"line":113,"column":33},"end":{"line":113,"column":75}},"61":{"start":{"line":114,"column":8},"end":{"line":114,"column":86}},"62":{"start":{"line":114,"column":38},"end":{"line":114,"column":86}},"63":{"start":{"line":116,"column":22},"end":{"line":118,"column":69}},"64":{"start":{"line":120,"column":23},"end":{"line":120,"column":56}},"65":{"start":{"line":121,"column":8},"end":{"line":121,"column":33}},"66":{"start":{"line":137,"column":12},"end":{"line":137,"column":23}},"67":{"start":{"line":139,"column":21},"end":{"line":139,"column":47}},"68":{"start":{"line":140,"column":27},"end":{"line":140,"column":29}},"69":{"start":{"line":141,"column":23},"end":{"line":141,"column":25}},"70":{"start":{"line":142,"column":23},"end":{"line":142,"column":25}},"71":{"start":{"line":144,"column":27},"end":{"line":148,"column":9}},"72":{"start":{"line":145,"column":12},"end":{"line":145,"column":36}},"73":{"start":{"line":146,"column":12},"end":{"line":146,"column":31}},"74":{"start":{"line":147,"column":12},"end":{"line":147,"column":45}},"75":{"start":{"line":150,"column":8},"end":{"line":150,"column":63}},"76":{"start":{"line":150,"column":33},"end":{"line":150,"column":63}},"77":{"start":{"line":151,"column":8},"end":{"line":151,"column":75}},"78":{"start":{"line":151,"column":37},"end":{"line":151,"column":75}},"79":{"start":{"line":153,"column":8},"end":{"line":157,"column":9}},"80":{"start":{"line":154,"column":12},"end":{"line":154,"column":46}},"81":{"start":{"line":155,"column":15},"end":{"line":157,"column":9}},"82":{"start":{"line":156,"column":12},"end":{"line":156,"column":50}},"83":{"start":{"line":159,"column":8},"end":{"line":159,"column":78}},"84":{"start":{"line":159,"column":38},"end":{"line":159,"column":78}},"85":{"start":{"line":160,"column":8},"end":{"line":160,"column":81}},"86":{"start":{"line":160,"column":39},"end":{"line":160,"column":81}},"87":{"start":{"line":161,"column":8},"end":{"line":161,"column":58}},"88":{"start":{"line":161,"column":31},"end":{"line":161,"column":58}},"89":{"start":{"line":162,"column":8},"end":{"line":162,"column":92}},"90":{"start":{"line":162,"column":41},"end":{"line":162,"column":92}},"91":{"start":{"line":163,"column":8},"end":{"line":163,"column":72}},"92":{"start":{"line":163,"column":33},"end":{"line":163,"column":72}},"93":{"start":{"line":164,"column":8},"end":{"line":164,"column":66}},"94":{"start":{"line":164,"column":31},"end":{"line":164,"column":66}},"95":{"start":{"line":165,"column":8},"end":{"line":165,"column":64}},"96":{"start":{"line":165,"column":32},"end":{"line":165,"column":64}},"97":{"start":{"line":166,"column":8},"end":{"line":166,"column":94}},"98":{"start":{"line":166,"column":41},"end":{"line":166,"column":94}},"99":{"start":{"line":167,"column":8},"end":{"line":167,"column":77}},"100":{"start":{"line":167,"column":35},"end":{"line":167,"column":77}},"101":{"start":{"line":169,"column":22},"end":{"line":171,"column":64}},"102":{"start":{"line":173,"column":23},"end":{"line":173,"column":56}},"103":{"start":{"line":174,"column":8},"end":{"line":174,"column":33}},"104":{"start":{"line":178,"column":22},"end":{"line":183,"column":9}},"105":{"start":{"line":184,"column":23},"end":{"line":184,"column":59}},"106":{"start":{"line":185,"column":8},"end":{"line":185,"column":33}},"107":{"start":{"line":189,"column":8},"end":{"line":192,"column":10}},"108":{"start":{"line":196,"column":20},"end":{"line":196,"column":52}},"109":{"start":{"line":197,"column":8},"end":{"line":200,"column":9}},"110":{"start":{"line":198,"column":28},"end":{"line":198,"column":108}},"111":{"start":{"line":199,"column":12},"end":{"line":199,"column":77}},"112":{"start":{"line":199,"column":41},"end":{"line":199,"column":77}},"113":{"start":{"line":202,"column":25},"end":{"line":202,"column":71}},"114":{"start":{"line":203,"column":25},"end":{"line":203,"column":124}},"115":{"start":{"line":204,"column":24},"end":{"line":204,"column":49}},"116":{"start":{"line":206,"column":22},"end":{"line":206,"column":36}},"117":{"start":{"line":207,"column":8},"end":{"line":210,"column":9}},"118":{"start":{"line":208,"column":26},"end":{"line":208,"column":61}},"119":{"start":{"line":209,"column":12},"end":{"line":209,"column":49}},"120":{"start":{"line":209,"column":23},"end":{"line":209,"column":49}},"121":{"start":{"line":212,"column":22},"end":{"line":217,"column":9}},"122":{"start":{"line":218,"column":23},"end":{"line":221,"column":9}},"123":{"start":{"line":223,"column":24},"end":{"line":223,"column":55}},"124":{"start":{"line":224,"column":28},"end":{"line":224,"column":46}},"125":{"start":{"line":226,"column":8},"end":{"line":226,"column":113}},"126":{"start":{"line":228,"column":8},"end":{"line":234,"column":9}},"127":{"start":{"line":229,"column":42},"end":{"line":229,"column":79}},"128":{"start":{"line":231,"column":12},"end":{"line":231,"column":93}},"129":{"start":{"line":233,"column":12},"end":{"line":233,"column":69}},"130":{"start":{"line":236,"column":8},"end":{"line":236,"column":27}},"131":{"start":{"line":240,"column":21},"end":{"line":240,"column":47}},"132":{"start":{"line":241,"column":29},"end":{"line":241,"column":61}},"133":{"start":{"line":242,"column":25},"end":{"line":242,"column":48}},"134":{"start":{"line":243,"column":29},"end":{"line":245,"column":72}},"135":{"start":{"line":246,"column":32},"end":{"line":246,"column":86}},"136":{"start":{"line":247,"column":25},"end":{"line":247,"column":85}},"137":{"start":{"line":248,"column":36},"end":{"line":248,"column":96}},"138":{"start":{"line":249,"column":36},"end":{"line":249,"column":96}},"139":{"start":{"line":250,"column":32},"end":{"line":250,"column":90}},"140":{"start":{"line":251,"column":28},"end":{"line":251,"column":70}},"141":{"start":{"line":252,"column":26},"end":{"line":252,"column":70}},"142":{"start":{"line":253,"column":31},"end":{"line":253,"column":87}},"143":{"start":{"line":254,"column":27},"end":{"line":254,"column":69}},"144":{"start":{"line":256,"column":30},"end":{"line":256,"column":56}},"145":{"start":{"line":257,"column":35},"end":{"line":257,"column":65}},"146":{"start":{"line":258,"column":30},"end":{"line":258,"column":51}},"147":{"start":{"line":260,"column":30},"end":{"line":260,"column":93}},"148":{"start":{"line":261,"column":32},"end":{"line":261,"column":89}},"149":{"start":{"line":262,"column":33},"end":{"line":262,"column":108}},"150":{"start":{"line":264,"column":29},"end":{"line":266,"column":16}},"151":{"start":{"line":268,"column":30},"end":{"line":268,"column":64}},"152":{"start":{"line":269,"column":25},"end":{"line":269,"column":119}},"153":{"start":{"line":273,"column":23},"end":{"line":273,"column":70}},"154":{"start":{"line":275,"column":8},"end":{"line":330,"column":9}},"155":{"start":{"line":276,"column":12},"end":{"line":300,"column":14}},"156":{"start":{"line":301,"column":12},"end":{"line":301,"column":57}},"157":{"start":{"line":303,"column":12},"end":{"line":328,"column":14}},"158":{"start":{"line":329,"column":12},"end":{"line":329,"column":57}},"159":{"start":{"line":332,"column":23},"end":{"line":332,"column":54}},"160":{"start":{"line":335,"column":8},"end":{"line":335,"column":40}},"161":{"start":{"line":339,"column":21},"end":{"line":339,"column":47}},"162":{"start":{"line":340,"column":29},"end":{"line":342,"column":72}},"163":{"start":{"line":343,"column":32},"end":{"line":343,"column":86}},"164":{"start":{"line":344,"column":33},"end":{"line":344,"column":94}},"165":{"start":{"line":345,"column":25},"end":{"line":345,"column":85}},"166":{"start":{"line":346,"column":36},"end":{"line":346,"column":96}},"167":{"start":{"line":347,"column":36},"end":{"line":347,"column":96}},"168":{"start":{"line":348,"column":27},"end":{"line":348,"column":73}},"169":{"start":{"line":349,"column":32},"end":{"line":349,"column":90}},"170":{"start":{"line":350,"column":31},"end":{"line":350,"column":87}},"171":{"start":{"line":351,"column":26},"end":{"line":351,"column":70}},"172":{"start":{"line":355,"column":23},"end":{"line":355,"column":70}},"173":{"start":{"line":357,"column":8},"end":{"line":404,"column":9}},"174":{"start":{"line":358,"column":12},"end":{"line":378,"column":14}},"175":{"start":{"line":379,"column":12},"end":{"line":379,"column":53}},"176":{"start":{"line":381,"column":12},"end":{"line":402,"column":14}},"177":{"start":{"line":403,"column":12},"end":{"line":403,"column":53}},"178":{"start":{"line":406,"column":23},"end":{"line":406,"column":54}},"179":{"start":{"line":407,"column":8},"end":{"line":407,"column":40}},"180":{"start":{"line":411,"column":22},"end":{"line":421,"column":9}},"181":{"start":{"line":422,"column":23},"end":{"line":422,"column":52}},"182":{"start":{"line":423,"column":8},"end":{"line":423,"column":30}},"183":{"start":{"line":429,"column":22},"end":{"line":437,"column":9}},"184":{"start":{"line":438,"column":23},"end":{"line":438,"column":52}},"185":{"start":{"line":439,"column":8},"end":{"line":439,"column":30}},"186":{"start":{"line":444,"column":21},"end":{"line":444,"column":47}},"187":{"start":{"line":445,"column":23},"end":{"line":445,"column":41}},"188":{"start":{"line":446,"column":20},"end":{"line":446,"column":53}},"189":{"start":{"line":448,"column":8},"end":{"line":451,"column":9}},"190":{"start":{"line":449,"column":12},"end":{"line":449,"column":31}},"191":{"start":{"line":450,"column":12},"end":{"line":450,"column":51}},"192":{"start":{"line":453,"column":8},"end":{"line":455,"column":9}},"193":{"start":{"line":454,"column":12},"end":{"line":454,"column":44}},"194":{"start":{"line":457,"column":8},"end":{"line":457,"column":34}},"195":{"start":{"line":459,"column":8},"end":{"line":463,"column":9}},"196":{"start":{"line":460,"column":32},"end":{"line":460,"column":103}},"197":{"start":{"line":461,"column":12},"end":{"line":461,"column":37}},"198":{"start":{"line":462,"column":12},"end":{"line":462,"column":60}},"199":{"start":{"line":465,"column":8},"end":{"line":465,"column":32}},"200":{"start":{"line":466,"column":23},"end":{"line":466,"column":56}},"201":{"start":{"line":467,"column":8},"end":{"line":467,"column":30}},"202":{"start":{"line":471,"column":8},"end":{"line":471,"column":71}},"203":{"start":{"line":475,"column":29},"end":{"line":475,"column":61}},"204":{"start":{"line":476,"column":27},"end":{"line":476,"column":42}},"205":{"start":{"line":477,"column":23},"end":{"line":477,"column":56}},"206":{"start":{"line":479,"column":8},"end":{"line":481,"column":9}},"207":{"start":{"line":480,"column":12},"end":{"line":480,"column":62}},"208":{"start":{"line":483,"column":8},"end":{"line":486,"column":10}},"209":{"start":{"line":490,"column":29},"end":{"line":490,"column":61}},"210":{"start":{"line":491,"column":30},"end":{"line":491,"column":98}},"211":{"start":{"line":492,"column":30},"end":{"line":492,"column":98}},"212":{"start":{"line":493,"column":27},"end":{"line":493,"column":83}},"213":{"start":{"line":495,"column":23},"end":{"line":500,"column":9}},"214":{"start":{"line":501,"column":8},"end":{"line":501,"column":30}},"215":{"start":{"line":505,"column":26},"end":{"line":505,"column":36}},"216":{"start":{"line":506,"column":24},"end":{"line":506,"column":53}},"217":{"start":{"line":508,"column":27},"end":{"line":508,"column":61}},"218":{"start":{"line":509,"column":29},"end":{"line":509,"column":64}},"219":{"start":{"line":511,"column":30},"end":{"line":511,"column":59}},"220":{"start":{"line":512,"column":32},"end":{"line":512,"column":82}},"221":{"start":{"line":513,"column":29},"end":{"line":513,"column":91}},"222":{"start":{"line":515,"column":27},"end":{"line":515,"column":46}},"223":{"start":{"line":516,"column":8},"end":{"line":522,"column":9}},"224":{"start":{"line":517,"column":12},"end":{"line":521,"column":13}},"225":{"start":{"line":518,"column":16},"end":{"line":518,"column":56}},"226":{"start":{"line":520,"column":16},"end":{"line":520,"column":34}},"227":{"start":{"line":524,"column":28},"end":{"line":524,"column":90}},"228":{"start":{"line":525,"column":23},"end":{"line":544,"column":9}},"229":{"start":{"line":546,"column":29},"end":{"line":546,"column":47}},"230":{"start":{"line":547,"column":8},"end":{"line":547,"column":39}},"231":{"start":{"line":547,"column":27},"end":{"line":547,"column":39}},"232":{"start":{"line":549,"column":8},"end":{"line":559,"column":9}},"233":{"start":{"line":550,"column":12},"end":{"line":553,"column":14}},"234":{"start":{"line":555,"column":12},"end":{"line":558,"column":14}},"235":{"start":{"line":561,"column":8},"end":{"line":561,"column":28}},"236":{"start":{"line":565,"column":23},"end":{"line":568,"column":9}},"237":{"start":{"line":569,"column":8},"end":{"line":569,"column":30}},"238":{"start":{"line":573,"column":23},"end":{"line":576,"column":9}},"239":{"start":{"line":577,"column":8},"end":{"line":577,"column":30}},"240":{"start":{"line":581,"column":23},"end":{"line":581,"column":100}},"241":{"start":{"line":582,"column":8},"end":{"line":582,"column":39}},"242":{"start":{"line":586,"column":23},"end":{"line":586,"column":104}},"243":{"start":{"line":587,"column":8},"end":{"line":587,"column":34}},"244":{"start":{"line":591,"column":23},"end":{"line":591,"column":108}},"245":{"start":{"line":592,"column":8},"end":{"line":592,"column":30}},"246":{"start":{"line":596,"column":8},"end":{"line":599,"column":10}},"247":{"start":{"line":603,"column":8},"end":{"line":606,"column":10}},"248":{"start":{"line":611,"column":0},"end":{"line":611,"column":89}},"249":{"start":{"line":611,"column":32},"end":{"line":611,"column":87}},"250":{"start":{"line":612,"column":0},"end":{"line":612,"column":98}},"251":{"start":{"line":612,"column":36},"end":{"line":612,"column":96}},"252":{"start":{"line":613,"column":0},"end":{"line":613,"column":102}},"253":{"start":{"line":613,"column":38},"end":{"line":613,"column":100}},"254":{"start":{"line":614,"column":0},"end":{"line":614,"column":83}},"255":{"start":{"line":614,"column":29},"end":{"line":614,"column":81}},"256":{"start":{"line":616,"column":0},"end":{"line":616,"column":41}}},"fnMap":{"0":{"name":"getBookingsColumns","decl":{"start":{"line":8,"column":15},"end":{"line":8,"column":33}},"loc":{"start":{"line":8,"column":36},"end":{"line":19,"column":1}},"line":8},"1":{"name":"(anonymous_1)","decl":{"start":{"line":17,"column":51},"end":{"line":17,"column":52}},"loc":{"start":{"line":17,"column":60},"end":{"line":17,"column":75}},"line":17},"2":{"name":"getParentOrdersColumns","decl":{"start":{"line":21,"column":15},"end":{"line":21,"column":37}},"loc":{"start":{"line":21,"column":40},"end":{"line":32,"column":1}},"line":21},"3":{"name":"(anonymous_3)","decl":{"start":{"line":30,"column":55},"end":{"line":30,"column":56}},"loc":{"start":{"line":30,"column":64},"end":{"line":30,"column":79}},"line":30},"4":{"name":"getDeliveryOrdersColumns","decl":{"start":{"line":34,"column":15},"end":{"line":34,"column":39}},"loc":{"start":{"line":34,"column":42},"end":{"line":45,"column":1}},"line":34},"5":{"name":"(anonymous_5)","decl":{"start":{"line":43,"column":57},"end":{"line":43,"column":58}},"loc":{"start":{"line":43,"column":66},"end":{"line":43,"column":81}},"line":43},"6":{"name":"getUsersColumns","decl":{"start":{"line":47,"column":15},"end":{"line":47,"column":30}},"loc":{"start":{"line":47,"column":33},"end":{"line":58,"column":1}},"line":47},"7":{"name":"(anonymous_7)","decl":{"start":{"line":56,"column":48},"end":{"line":56,"column":49}},"loc":{"start":{"line":56,"column":57},"end":{"line":56,"column":72}},"line":56},"8":{"name":"(anonymous_8)","decl":{"start":{"line":61,"column":4},"end":{"line":61,"column":5}},"loc":{"start":{"line":61,"column":29},"end":{"line":66,"column":5}},"line":61},"9":{"name":"(anonymous_9)","decl":{"start":{"line":68,"column":4},"end":{"line":68,"column":5}},"loc":{"start":{"line":68,"column":36},"end":{"line":71,"column":5}},"line":68},"10":{"name":"(anonymous_10)","decl":{"start":{"line":73,"column":4},"end":{"line":73,"column":5}},"loc":{"start":{"line":73,"column":38},"end":{"line":76,"column":5}},"line":73},"11":{"name":"(anonymous_11)","decl":{"start":{"line":78,"column":4},"end":{"line":78,"column":5}},"loc":{"start":{"line":78,"column":61},"end":{"line":88,"column":5}},"line":78},"12":{"name":"(anonymous_12)","decl":{"start":{"line":90,"column":4},"end":{"line":90,"column":5}},"loc":{"start":{"line":90,"column":107},"end":{"line":122,"column":5}},"line":90},"13":{"name":"(anonymous_13)","decl":{"start":{"line":96,"column":27},"end":{"line":96,"column":28}},"loc":{"start":{"line":96,"column":46},"end":{"line":100,"column":9}},"line":96},"14":{"name":"(anonymous_14)","decl":{"start":{"line":124,"column":4},"end":{"line":124,"column":5}},"loc":{"start":{"line":124,"column":56},"end":{"line":175,"column":5}},"line":124},"15":{"name":"(anonymous_15)","decl":{"start":{"line":144,"column":27},"end":{"line":144,"column":28}},"loc":{"start":{"line":144,"column":46},"end":{"line":148,"column":9}},"line":144},"16":{"name":"(anonymous_16)","decl":{"start":{"line":177,"column":4},"end":{"line":177,"column":5}},"loc":{"start":{"line":177,"column":43},"end":{"line":186,"column":5}},"line":177},"17":{"name":"(anonymous_17)","decl":{"start":{"line":188,"column":4},"end":{"line":188,"column":5}},"loc":{"start":{"line":188,"column":61},"end":{"line":193,"column":5}},"line":188},"18":{"name":"(anonymous_18)","decl":{"start":{"line":195,"column":4},"end":{"line":195,"column":5}},"loc":{"start":{"line":195,"column":53},"end":{"line":237,"column":5}},"line":195},"19":{"name":"(anonymous_19)","decl":{"start":{"line":239,"column":4},"end":{"line":239,"column":5}},"loc":{"start":{"line":239,"column":69},"end":{"line":336,"column":5}},"line":239},"20":{"name":"(anonymous_20)","decl":{"start":{"line":338,"column":4},"end":{"line":338,"column":5}},"loc":{"start":{"line":338,"column":61},"end":{"line":408,"column":5}},"line":338},"21":{"name":"(anonymous_21)","decl":{"start":{"line":410,"column":4},"end":{"line":410,"column":5}},"loc":{"start":{"line":410,"column":33},"end":{"line":424,"column":5}},"line":410},"22":{"name":"(anonymous_22)","decl":{"start":{"line":426,"column":4},"end":{"line":426,"column":5}},"loc":{"start":{"line":426,"column":33},"end":{"line":440,"column":5}},"line":426},"23":{"name":"(anonymous_23)","decl":{"start":{"line":442,"column":4},"end":{"line":442,"column":5}},"loc":{"start":{"line":442,"column":94},"end":{"line":468,"column":5}},"line":442},"24":{"name":"(anonymous_24)","decl":{"start":{"line":470,"column":4},"end":{"line":470,"column":5}},"loc":{"start":{"line":470,"column":57},"end":{"line":472,"column":5}},"line":470},"25":{"name":"(anonymous_25)","decl":{"start":{"line":474,"column":4},"end":{"line":474,"column":5}},"loc":{"start":{"line":474,"column":61},"end":{"line":487,"column":5}},"line":474},"26":{"name":"(anonymous_26)","decl":{"start":{"line":489,"column":4},"end":{"line":489,"column":5}},"loc":{"start":{"line":489,"column":47},"end":{"line":502,"column":5}},"line":489},"27":{"name":"(anonymous_27)","decl":{"start":{"line":504,"column":4},"end":{"line":504,"column":5}},"loc":{"start":{"line":504,"column":49},"end":{"line":562,"column":5}},"line":504},"28":{"name":"(anonymous_28)","decl":{"start":{"line":564,"column":4},"end":{"line":564,"column":5}},"loc":{"start":{"line":564,"column":67},"end":{"line":570,"column":5}},"line":564},"29":{"name":"(anonymous_29)","decl":{"start":{"line":572,"column":4},"end":{"line":572,"column":5}},"loc":{"start":{"line":572,"column":45},"end":{"line":578,"column":5}},"line":572},"30":{"name":"(anonymous_30)","decl":{"start":{"line":580,"column":4},"end":{"line":580,"column":5}},"loc":{"start":{"line":580,"column":44},"end":{"line":583,"column":5}},"line":580},"31":{"name":"(anonymous_31)","decl":{"start":{"line":585,"column":4},"end":{"line":585,"column":5}},"loc":{"start":{"line":585,"column":40},"end":{"line":588,"column":5}},"line":585},"32":{"name":"(anonymous_32)","decl":{"start":{"line":590,"column":4},"end":{"line":590,"column":5}},"loc":{"start":{"line":590,"column":45},"end":{"line":593,"column":5}},"line":590},"33":{"name":"(anonymous_33)","decl":{"start":{"line":595,"column":4},"end":{"line":595,"column":5}},"loc":{"start":{"line":595,"column":70},"end":{"line":600,"column":5}},"line":595},"34":{"name":"(anonymous_34)","decl":{"start":{"line":602,"column":4},"end":{"line":602,"column":5}},"loc":{"start":{"line":602,"column":44},"end":{"line":607,"column":5}},"line":602},"35":{"name":"(anonymous_35)","decl":{"start":{"line":611,"column":27},"end":{"line":611,"column":28}},"loc":{"start":{"line":611,"column":32},"end":{"line":611,"column":87}},"line":611},"36":{"name":"(anonymous_36)","decl":{"start":{"line":612,"column":31},"end":{"line":612,"column":32}},"loc":{"start":{"line":612,"column":36},"end":{"line":612,"column":96}},"line":612},"37":{"name":"(anonymous_37)","decl":{"start":{"line":613,"column":33},"end":{"line":613,"column":34}},"loc":{"start":{"line":613,"column":38},"end":{"line":613,"column":100}},"line":613},"38":{"name":"(anonymous_38)","decl":{"start":{"line":614,"column":24},"end":{"line":614,"column":25}},"loc":{"start":{"line":614,"column":29},"end":{"line":614,"column":81}},"line":614}},"branchMap":{"0":{"loc":{"start":{"line":9,"column":4},"end":{"line":9,"column":58}},"type":"if","locations":[{"start":{"line":9,"column":4},"end":{"line":9,"column":58}},{"start":{},"end":{}}],"line":9},"1":{"loc":{"start":{"line":22,"column":4},"end":{"line":22,"column":66}},"type":"if","locations":[{"start":{"line":22,"column":4},"end":{"line":22,"column":66}},{"start":{},"end":{}}],"line":22},"2":{"loc":{"start":{"line":35,"column":4},"end":{"line":35,"column":70}},"type":"if","locations":[{"start":{"line":35,"column":4},"end":{"line":35,"column":70}},{"start":{},"end":{}}],"line":35},"3":{"loc":{"start":{"line":48,"column":4},"end":{"line":48,"column":52}},"type":"if","locations":[{"start":{"line":48,"column":4},"end":{"line":48,"column":52}},{"start":{},"end":{}}],"line":48},"4":{"loc":{"start":{"line":78,"column":46},"end":{"line":78,"column":59}},"type":"default-arg","locations":[{"start":{"line":78,"column":55},"end":{"line":78,"column":59}}],"line":78},"5":{"loc":{"start":{"line":90,"column":92},"end":{"line":90,"column":105}},"type":"default-arg","locations":[{"start":{"line":90,"column":101},"end":{"line":90,"column":105}}],"line":90},"6":{"loc":{"start":{"line":102,"column":8},"end":{"line":102,"column":63}},"type":"if","locations":[{"start":{"line":102,"column":8},"end":{"line":102,"column":63}},{"start":{},"end":{}}],"line":102},"7":{"loc":{"start":{"line":104,"column":8},"end":{"line":108,"column":9}},"type":"if","locations":[{"start":{"line":104,"column":8},"end":{"line":108,"column":9}},{"start":{"line":106,"column":15},"end":{"line":108,"column":9}}],"line":104},"8":{"loc":{"start":{"line":106,"column":15},"end":{"line":108,"column":9}},"type":"if","locations":[{"start":{"line":106,"column":15},"end":{"line":108,"column":9}},{"start":{},"end":{}}],"line":106},"9":{"loc":{"start":{"line":110,"column":8},"end":{"line":110,"column":86}},"type":"if","locations":[{"start":{"line":110,"column":8},"end":{"line":110,"column":86}},{"start":{},"end":{}}],"line":110},"10":{"loc":{"start":{"line":110,"column":71},"end":{"line":110,"column":84}},"type":"binary-expr","locations":[{"start":{"line":110,"column":71},"end":{"line":110,"column":79}},{"start":{"line":110,"column":83},"end":{"line":110,"column":84}}],"line":110},"11":{"loc":{"start":{"line":111,"column":8},"end":{"line":111,"column":74}},"type":"if","locations":[{"start":{"line":111,"column":8},"end":{"line":111,"column":74}},{"start":{},"end":{}}],"line":111},"12":{"loc":{"start":{"line":111,"column":57},"end":{"line":111,"column":72}},"type":"binary-expr","locations":[{"start":{"line":111,"column":57},"end":{"line":111,"column":64}},{"start":{"line":111,"column":68},"end":{"line":111,"column":72}}],"line":111},"13":{"loc":{"start":{"line":112,"column":8},"end":{"line":112,"column":64}},"type":"if","locations":[{"start":{"line":112,"column":8},"end":{"line":112,"column":64}},{"start":{},"end":{}}],"line":112},"14":{"loc":{"start":{"line":113,"column":8},"end":{"line":113,"column":75}},"type":"if","locations":[{"start":{"line":113,"column":8},"end":{"line":113,"column":75}},{"start":{},"end":{}}],"line":113},"15":{"loc":{"start":{"line":113,"column":55},"end":{"line":113,"column":73}},"type":"binary-expr","locations":[{"start":{"line":113,"column":55},"end":{"line":113,"column":65}},{"start":{"line":113,"column":69},"end":{"line":113,"column":73}}],"line":113},"16":{"loc":{"start":{"line":114,"column":8},"end":{"line":114,"column":86}},"type":"if","locations":[{"start":{"line":114,"column":8},"end":{"line":114,"column":86}},{"start":{},"end":{}}],"line":114},"17":{"loc":{"start":{"line":114,"column":65},"end":{"line":114,"column":84}},"type":"binary-expr","locations":[{"start":{"line":114,"column":65},"end":{"line":114,"column":76}},{"start":{"line":114,"column":80},"end":{"line":114,"column":84}}],"line":114},"18":{"loc":{"start":{"line":116,"column":22},"end":{"line":118,"column":69}},"type":"cond-expr","locations":[{"start":{"line":117,"column":14},"end":{"line":117,"column":111}},{"start":{"line":118,"column":14},"end":{"line":118,"column":69}}],"line":116},"19":{"loc":{"start":{"line":124,"column":41},"end":{"line":124,"column":54}},"type":"default-arg","locations":[{"start":{"line":124,"column":50},"end":{"line":124,"column":54}}],"line":124},"20":{"loc":{"start":{"line":150,"column":8},"end":{"line":150,"column":63}},"type":"if","locations":[{"start":{"line":150,"column":8},"end":{"line":150,"column":63}},{"start":{},"end":{}}],"line":150},"21":{"loc":{"start":{"line":151,"column":8},"end":{"line":151,"column":75}},"type":"if","locations":[{"start":{"line":151,"column":8},"end":{"line":151,"column":75}},{"start":{},"end":{}}],"line":151},"22":{"loc":{"start":{"line":153,"column":8},"end":{"line":157,"column":9}},"type":"if","locations":[{"start":{"line":153,"column":8},"end":{"line":157,"column":9}},{"start":{"line":155,"column":15},"end":{"line":157,"column":9}}],"line":153},"23":{"loc":{"start":{"line":155,"column":15},"end":{"line":157,"column":9}},"type":"if","locations":[{"start":{"line":155,"column":15},"end":{"line":157,"column":9}},{"start":{},"end":{}}],"line":155},"24":{"loc":{"start":{"line":159,"column":8},"end":{"line":159,"column":78}},"type":"if","locations":[{"start":{"line":159,"column":8},"end":{"line":159,"column":78}},{"start":{},"end":{}}],"line":159},"25":{"loc":{"start":{"line":160,"column":8},"end":{"line":160,"column":81}},"type":"if","locations":[{"start":{"line":160,"column":8},"end":{"line":160,"column":81}},{"start":{},"end":{}}],"line":160},"26":{"loc":{"start":{"line":161,"column":8},"end":{"line":161,"column":58}},"type":"if","locations":[{"start":{"line":161,"column":8},"end":{"line":161,"column":58}},{"start":{},"end":{}}],"line":161},"27":{"loc":{"start":{"line":162,"column":8},"end":{"line":162,"column":92}},"type":"if","locations":[{"start":{"line":162,"column":8},"end":{"line":162,"column":92}},{"start":{},"end":{}}],"line":162},"28":{"loc":{"start":{"line":162,"column":71},"end":{"line":162,"column":90}},"type":"binary-expr","locations":[{"start":{"line":162,"column":71},"end":{"line":162,"column":85}},{"start":{"line":162,"column":89},"end":{"line":162,"column":90}}],"line":162},"29":{"loc":{"start":{"line":163,"column":8},"end":{"line":163,"column":72}},"type":"if","locations":[{"start":{"line":163,"column":8},"end":{"line":163,"column":72}},{"start":{},"end":{}}],"line":163},"30":{"loc":{"start":{"line":163,"column":55},"end":{"line":163,"column":70}},"type":"binary-expr","locations":[{"start":{"line":163,"column":55},"end":{"line":163,"column":62}},{"start":{"line":163,"column":66},"end":{"line":163,"column":70}}],"line":163},"31":{"loc":{"start":{"line":164,"column":8},"end":{"line":164,"column":66}},"type":"if","locations":[{"start":{"line":164,"column":8},"end":{"line":164,"column":66}},{"start":{},"end":{}}],"line":164},"32":{"loc":{"start":{"line":164,"column":51},"end":{"line":164,"column":64}},"type":"binary-expr","locations":[{"start":{"line":164,"column":51},"end":{"line":164,"column":56}},{"start":{"line":164,"column":60},"end":{"line":164,"column":64}}],"line":164},"33":{"loc":{"start":{"line":165,"column":8},"end":{"line":165,"column":64}},"type":"if","locations":[{"start":{"line":165,"column":8},"end":{"line":165,"column":64}},{"start":{},"end":{}}],"line":165},"34":{"loc":{"start":{"line":166,"column":8},"end":{"line":166,"column":94}},"type":"if","locations":[{"start":{"line":166,"column":8},"end":{"line":166,"column":94}},{"start":{},"end":{}}],"line":166},"35":{"loc":{"start":{"line":166,"column":71},"end":{"line":166,"column":92}},"type":"binary-expr","locations":[{"start":{"line":166,"column":71},"end":{"line":166,"column":84}},{"start":{"line":166,"column":88},"end":{"line":166,"column":92}}],"line":166},"36":{"loc":{"start":{"line":167,"column":8},"end":{"line":167,"column":77}},"type":"if","locations":[{"start":{"line":167,"column":8},"end":{"line":167,"column":77}},{"start":{},"end":{}}],"line":167},"37":{"loc":{"start":{"line":167,"column":59},"end":{"line":167,"column":75}},"type":"binary-expr","locations":[{"start":{"line":167,"column":59},"end":{"line":167,"column":67}},{"start":{"line":167,"column":71},"end":{"line":167,"column":75}}],"line":167},"38":{"loc":{"start":{"line":169,"column":22},"end":{"line":171,"column":64}},"type":"cond-expr","locations":[{"start":{"line":170,"column":14},"end":{"line":170,"column":106}},{"start":{"line":171,"column":14},"end":{"line":171,"column":64}}],"line":169},"39":{"loc":{"start":{"line":188,"column":46},"end":{"line":188,"column":59}},"type":"default-arg","locations":[{"start":{"line":188,"column":55},"end":{"line":188,"column":59}}],"line":188},"40":{"loc":{"start":{"line":196,"column":20},"end":{"line":196,"column":52}},"type":"binary-expr","locations":[{"start":{"line":196,"column":20},"end":{"line":196,"column":46}},{"start":{"line":196,"column":50},"end":{"line":196,"column":52}}],"line":196},"41":{"loc":{"start":{"line":197,"column":8},"end":{"line":200,"column":9}},"type":"if","locations":[{"start":{"line":197,"column":8},"end":{"line":200,"column":9}},{"start":{},"end":{}}],"line":197},"42":{"loc":{"start":{"line":197,"column":12},"end":{"line":197,"column":41}},"type":"binary-expr","locations":[{"start":{"line":197,"column":12},"end":{"line":197,"column":18}},{"start":{"line":197,"column":22},"end":{"line":197,"column":41}}],"line":197},"43":{"loc":{"start":{"line":199,"column":12},"end":{"line":199,"column":77}},"type":"if","locations":[{"start":{"line":199,"column":12},"end":{"line":199,"column":77}},{"start":{},"end":{}}],"line":199},"44":{"loc":{"start":{"line":199,"column":49},"end":{"line":199,"column":76}},"type":"binary-expr","locations":[{"start":{"line":199,"column":49},"end":{"line":199,"column":70}},{"start":{"line":199,"column":74},"end":{"line":199,"column":76}}],"line":199},"45":{"loc":{"start":{"line":203,"column":25},"end":{"line":203,"column":124}},"type":"cond-expr","locations":[{"start":{"line":203,"column":65},"end":{"line":203,"column":82}},{"start":{"line":203,"column":85},"end":{"line":203,"column":124}}],"line":203},"46":{"loc":{"start":{"line":203,"column":100},"end":{"line":203,"column":123}},"type":"binary-expr","locations":[{"start":{"line":203,"column":100},"end":{"line":203,"column":117}},{"start":{"line":203,"column":121},"end":{"line":203,"column":123}}],"line":203},"47":{"loc":{"start":{"line":204,"column":24},"end":{"line":204,"column":49}},"type":"binary-expr","locations":[{"start":{"line":204,"column":24},"end":{"line":204,"column":43}},{"start":{"line":204,"column":47},"end":{"line":204,"column":49}}],"line":204},"48":{"loc":{"start":{"line":207,"column":8},"end":{"line":210,"column":9}},"type":"if","locations":[{"start":{"line":207,"column":8},"end":{"line":210,"column":9}},{"start":{},"end":{}}],"line":207},"49":{"loc":{"start":{"line":209,"column":12},"end":{"line":209,"column":49}},"type":"if","locations":[{"start":{"line":209,"column":12},"end":{"line":209,"column":49}},{"start":{},"end":{}}],"line":209},"50":{"loc":{"start":{"line":219,"column":22},"end":{"line":219,"column":63}},"type":"binary-expr","locations":[{"start":{"line":219,"column":22},"end":{"line":219,"column":43}},{"start":{"line":219,"column":47},"end":{"line":219,"column":63}}],"line":219},"51":{"loc":{"start":{"line":231,"column":49},"end":{"line":231,"column":73}},"type":"binary-expr","locations":[{"start":{"line":231,"column":49},"end":{"line":231,"column":68}},{"start":{"line":231,"column":72},"end":{"line":231,"column":73}}],"line":231},"52":{"loc":{"start":{"line":239,"column":59},"end":{"line":239,"column":67}},"type":"default-arg","locations":[{"start":{"line":239,"column":66},"end":{"line":239,"column":67}}],"line":239},"53":{"loc":{"start":{"line":243,"column":29},"end":{"line":245,"column":72}},"type":"cond-expr","locations":[{"start":{"line":244,"column":14},"end":{"line":244,"column":27}},{"start":{"line":245,"column":15},"end":{"line":245,"column":71}}],"line":243},"54":{"loc":{"start":{"line":245,"column":15},"end":{"line":245,"column":71}},"type":"cond-expr","locations":[{"start":{"line":245,"column":43},"end":{"line":245,"column":60}},{"start":{"line":245,"column":63},"end":{"line":245,"column":71}}],"line":245},"55":{"loc":{"start":{"line":246,"column":32},"end":{"line":246,"column":86}},"type":"cond-expr","locations":[{"start":{"line":246,"column":59},"end":{"line":246,"column":75}},{"start":{"line":246,"column":78},"end":{"line":246,"column":86}}],"line":246},"56":{"loc":{"start":{"line":247,"column":25},"end":{"line":247,"column":85}},"type":"cond-expr","locations":[{"start":{"line":247,"column":52},"end":{"line":247,"column":68}},{"start":{"line":247,"column":71},"end":{"line":247,"column":85}}],"line":247},"57":{"loc":{"start":{"line":248,"column":36},"end":{"line":248,"column":96}},"type":"cond-expr","locations":[{"start":{"line":248,"column":67},"end":{"line":248,"column":87}},{"start":{"line":248,"column":90},"end":{"line":248,"column":96}}],"line":248},"58":{"loc":{"start":{"line":249,"column":36},"end":{"line":249,"column":96}},"type":"cond-expr","locations":[{"start":{"line":249,"column":67},"end":{"line":249,"column":87}},{"start":{"line":249,"column":90},"end":{"line":249,"column":96}}],"line":249},"59":{"loc":{"start":{"line":250,"column":32},"end":{"line":250,"column":90}},"type":"cond-expr","locations":[{"start":{"line":250,"column":62},"end":{"line":250,"column":81}},{"start":{"line":250,"column":84},"end":{"line":250,"column":90}}],"line":250},"60":{"loc":{"start":{"line":251,"column":28},"end":{"line":251,"column":70}},"type":"cond-expr","locations":[{"start":{"line":251,"column":50},"end":{"line":251,"column":61}},{"start":{"line":251,"column":64},"end":{"line":251,"column":70}}],"line":251},"61":{"loc":{"start":{"line":252,"column":26},"end":{"line":252,"column":70}},"type":"cond-expr","locations":[{"start":{"line":252,"column":46},"end":{"line":252,"column":55}},{"start":{"line":252,"column":58},"end":{"line":252,"column":70}}],"line":252},"62":{"loc":{"start":{"line":253,"column":31},"end":{"line":253,"column":87}},"type":"cond-expr","locations":[{"start":{"line":253,"column":60},"end":{"line":253,"column":78}},{"start":{"line":253,"column":81},"end":{"line":253,"column":87}}],"line":253},"63":{"loc":{"start":{"line":254,"column":27},"end":{"line":254,"column":69}},"type":"cond-expr","locations":[{"start":{"line":254,"column":49},"end":{"line":254,"column":60}},{"start":{"line":254,"column":63},"end":{"line":254,"column":69}}],"line":254},"64":{"loc":{"start":{"line":260,"column":30},"end":{"line":260,"column":93}},"type":"cond-expr","locations":[{"start":{"line":260,"column":70},"end":{"line":260,"column":84}},{"start":{"line":260,"column":87},"end":{"line":260,"column":93}}],"line":260},"65":{"loc":{"start":{"line":260,"column":31},"end":{"line":260,"column":66}},"type":"binary-expr","locations":[{"start":{"line":260,"column":31},"end":{"line":260,"column":44}},{"start":{"line":260,"column":48},"end":{"line":260,"column":66}}],"line":260},"66":{"loc":{"start":{"line":261,"column":32},"end":{"line":261,"column":89}},"type":"cond-expr","locations":[{"start":{"line":261,"column":72},"end":{"line":261,"column":80}},{"start":{"line":261,"column":83},"end":{"line":261,"column":89}}],"line":261},"67":{"loc":{"start":{"line":261,"column":33},"end":{"line":261,"column":68}},"type":"binary-expr","locations":[{"start":{"line":261,"column":33},"end":{"line":261,"column":46}},{"start":{"line":261,"column":50},"end":{"line":261,"column":68}}],"line":261},"68":{"loc":{"start":{"line":262,"column":33},"end":{"line":262,"column":108}},"type":"cond-expr","locations":[{"start":{"line":262,"column":90},"end":{"line":262,"column":99}},{"start":{"line":262,"column":102},"end":{"line":262,"column":108}}],"line":262},"69":{"loc":{"start":{"line":262,"column":34},"end":{"line":262,"column":86}},"type":"binary-expr","locations":[{"start":{"line":262,"column":34},"end":{"line":262,"column":47}},{"start":{"line":262,"column":51},"end":{"line":262,"column":69}},{"start":{"line":262,"column":73},"end":{"line":262,"column":86}}],"line":262},"70":{"loc":{"start":{"line":264,"column":29},"end":{"line":266,"column":16}},"type":"cond-expr","locations":[{"start":{"line":265,"column":14},"end":{"line":265,"column":139}},{"start":{"line":266,"column":14},"end":{"line":266,"column":16}}],"line":264},"71":{"loc":{"start":{"line":264,"column":30},"end":{"line":264,"column":65}},"type":"binary-expr","locations":[{"start":{"line":264,"column":30},"end":{"line":264,"column":43}},{"start":{"line":264,"column":47},"end":{"line":264,"column":65}}],"line":264},"72":{"loc":{"start":{"line":268,"column":30},"end":{"line":268,"column":64}},"type":"cond-expr","locations":[{"start":{"line":268,"column":46},"end":{"line":268,"column":55}},{"start":{"line":268,"column":58},"end":{"line":268,"column":64}}],"line":268},"73":{"loc":{"start":{"line":269,"column":25},"end":{"line":269,"column":119}},"type":"cond-expr","locations":[{"start":{"line":269,"column":47},"end":{"line":269,"column":114}},{"start":{"line":269,"column":117},"end":{"line":269,"column":119}}],"line":269},"74":{"loc":{"start":{"line":275,"column":8},"end":{"line":330,"column":9}},"type":"if","locations":[{"start":{"line":275,"column":8},"end":{"line":330,"column":9}},{"start":{"line":302,"column":15},"end":{"line":330,"column":9}}],"line":275},"75":{"loc":{"start":{"line":338,"column":51},"end":{"line":338,"column":59}},"type":"default-arg","locations":[{"start":{"line":338,"column":58},"end":{"line":338,"column":59}}],"line":338},"76":{"loc":{"start":{"line":340,"column":29},"end":{"line":342,"column":72}},"type":"cond-expr","locations":[{"start":{"line":341,"column":14},"end":{"line":341,"column":27}},{"start":{"line":342,"column":15},"end":{"line":342,"column":71}}],"line":340},"77":{"loc":{"start":{"line":342,"column":15},"end":{"line":342,"column":71}},"type":"cond-expr","locations":[{"start":{"line":342,"column":43},"end":{"line":342,"column":60}},{"start":{"line":342,"column":63},"end":{"line":342,"column":71}}],"line":342},"78":{"loc":{"start":{"line":343,"column":32},"end":{"line":343,"column":86}},"type":"cond-expr","locations":[{"start":{"line":343,"column":59},"end":{"line":343,"column":75}},{"start":{"line":343,"column":78},"end":{"line":343,"column":86}}],"line":343},"79":{"loc":{"start":{"line":344,"column":33},"end":{"line":344,"column":94}},"type":"cond-expr","locations":[{"start":{"line":344,"column":61},"end":{"line":344,"column":78}},{"start":{"line":344,"column":81},"end":{"line":344,"column":94}}],"line":344},"80":{"loc":{"start":{"line":345,"column":25},"end":{"line":345,"column":85}},"type":"cond-expr","locations":[{"start":{"line":345,"column":52},"end":{"line":345,"column":68}},{"start":{"line":345,"column":71},"end":{"line":345,"column":85}}],"line":345},"81":{"loc":{"start":{"line":346,"column":36},"end":{"line":346,"column":96}},"type":"cond-expr","locations":[{"start":{"line":346,"column":67},"end":{"line":346,"column":87}},{"start":{"line":346,"column":90},"end":{"line":346,"column":96}}],"line":346},"82":{"loc":{"start":{"line":347,"column":36},"end":{"line":347,"column":96}},"type":"cond-expr","locations":[{"start":{"line":347,"column":67},"end":{"line":347,"column":87}},{"start":{"line":347,"column":90},"end":{"line":347,"column":96}}],"line":347},"83":{"loc":{"start":{"line":348,"column":27},"end":{"line":348,"column":73}},"type":"cond-expr","locations":[{"start":{"line":348,"column":51},"end":{"line":348,"column":64}},{"start":{"line":348,"column":67},"end":{"line":348,"column":73}}],"line":348},"84":{"loc":{"start":{"line":349,"column":32},"end":{"line":349,"column":90}},"type":"cond-expr","locations":[{"start":{"line":349,"column":62},"end":{"line":349,"column":81}},{"start":{"line":349,"column":84},"end":{"line":349,"column":90}}],"line":349},"85":{"loc":{"start":{"line":350,"column":31},"end":{"line":350,"column":87}},"type":"cond-expr","locations":[{"start":{"line":350,"column":60},"end":{"line":350,"column":78}},{"start":{"line":350,"column":81},"end":{"line":350,"column":87}}],"line":350},"86":{"loc":{"start":{"line":351,"column":26},"end":{"line":351,"column":70}},"type":"cond-expr","locations":[{"start":{"line":351,"column":46},"end":{"line":351,"column":55}},{"start":{"line":351,"column":58},"end":{"line":351,"column":70}}],"line":351},"87":{"loc":{"start":{"line":357,"column":8},"end":{"line":404,"column":9}},"type":"if","locations":[{"start":{"line":357,"column":8},"end":{"line":404,"column":9}},{"start":{"line":380,"column":15},"end":{"line":404,"column":9}}],"line":357},"88":{"loc":{"start":{"line":442,"column":79},"end":{"line":442,"column":92}},"type":"default-arg","locations":[{"start":{"line":442,"column":88},"end":{"line":442,"column":92}}],"line":442},"89":{"loc":{"start":{"line":448,"column":8},"end":{"line":451,"column":9}},"type":"if","locations":[{"start":{"line":448,"column":8},"end":{"line":451,"column":9}},{"start":{},"end":{}}],"line":448},"90":{"loc":{"start":{"line":453,"column":8},"end":{"line":455,"column":9}},"type":"if","locations":[{"start":{"line":453,"column":8},"end":{"line":455,"column":9}},{"start":{},"end":{}}],"line":453},"91":{"loc":{"start":{"line":459,"column":8},"end":{"line":463,"column":9}},"type":"if","locations":[{"start":{"line":459,"column":8},"end":{"line":463,"column":9}},{"start":{},"end":{}}],"line":459},"92":{"loc":{"start":{"line":460,"column":32},"end":{"line":460,"column":103}},"type":"cond-expr","locations":[{"start":{"line":460,"column":66},"end":{"line":460,"column":82}},{"start":{"line":460,"column":85},"end":{"line":460,"column":103}}],"line":460},"93":{"loc":{"start":{"line":479,"column":8},"end":{"line":481,"column":9}},"type":"if","locations":[{"start":{"line":479,"column":8},"end":{"line":481,"column":9}},{"start":{},"end":{}}],"line":479},"94":{"loc":{"start":{"line":491,"column":30},"end":{"line":491,"column":98}},"type":"cond-expr","locations":[{"start":{"line":491,"column":63},"end":{"line":491,"column":75}},{"start":{"line":491,"column":78},"end":{"line":491,"column":98}}],"line":491},"95":{"loc":{"start":{"line":492,"column":30},"end":{"line":492,"column":98}},"type":"cond-expr","locations":[{"start":{"line":492,"column":63},"end":{"line":492,"column":75}},{"start":{"line":492,"column":78},"end":{"line":492,"column":98}}],"line":492},"96":{"loc":{"start":{"line":493,"column":27},"end":{"line":493,"column":83}},"type":"cond-expr","locations":[{"start":{"line":493,"column":56},"end":{"line":493,"column":64}},{"start":{"line":493,"column":67},"end":{"line":493,"column":83}}],"line":493},"97":{"loc":{"start":{"line":506,"column":31},"end":{"line":506,"column":52}},"type":"binary-expr","locations":[{"start":{"line":506,"column":31},"end":{"line":506,"column":46}},{"start":{"line":506,"column":50},"end":{"line":506,"column":52}}],"line":506},"98":{"loc":{"start":{"line":511,"column":30},"end":{"line":511,"column":59}},"type":"binary-expr","locations":[{"start":{"line":511,"column":30},"end":{"line":511,"column":53}},{"start":{"line":511,"column":57},"end":{"line":511,"column":59}}],"line":511},"99":{"loc":{"start":{"line":512,"column":32},"end":{"line":512,"column":82}},"type":"binary-expr","locations":[{"start":{"line":512,"column":32},"end":{"line":512,"column":57}},{"start":{"line":512,"column":61},"end":{"line":512,"column":68}},{"start":{"line":512,"column":72},"end":{"line":512,"column":82}}],"line":512},"100":{"loc":{"start":{"line":513,"column":29},"end":{"line":513,"column":91}},"type":"binary-expr","locations":[{"start":{"line":513,"column":29},"end":{"line":513,"column":46}},{"start":{"line":513,"column":50},"end":{"line":513,"column":71}},{"start":{"line":513,"column":75},"end":{"line":513,"column":91}}],"line":513},"101":{"loc":{"start":{"line":515,"column":27},"end":{"line":515,"column":46}},"type":"binary-expr","locations":[{"start":{"line":515,"column":27},"end":{"line":515,"column":40}},{"start":{"line":515,"column":44},"end":{"line":515,"column":46}}],"line":515},"102":{"loc":{"start":{"line":516,"column":8},"end":{"line":522,"column":9}},"type":"if","locations":[{"start":{"line":516,"column":8},"end":{"line":522,"column":9}},{"start":{},"end":{}}],"line":516},"103":{"loc":{"start":{"line":535,"column":16},"end":{"line":535,"column":49}},"type":"binary-expr","locations":[{"start":{"line":535,"column":16},"end":{"line":535,"column":37}},{"start":{"line":535,"column":41},"end":{"line":535,"column":49}}],"line":535},"104":{"loc":{"start":{"line":538,"column":16},"end":{"line":538,"column":62}},"type":"binary-expr","locations":[{"start":{"line":538,"column":16},"end":{"line":538,"column":23}},{"start":{"line":538,"column":27},"end":{"line":538,"column":62}}],"line":538},"105":{"loc":{"start":{"line":539,"column":31},"end":{"line":539,"column":78}},"type":"cond-expr","locations":[{"start":{"line":539,"column":61},"end":{"line":539,"column":73}},{"start":{"line":539,"column":76},"end":{"line":539,"column":78}}],"line":539},"106":{"loc":{"start":{"line":547,"column":8},"end":{"line":547,"column":39}},"type":"if","locations":[{"start":{"line":547,"column":8},"end":{"line":547,"column":39}},{"start":{},"end":{}}],"line":547},"107":{"loc":{"start":{"line":549,"column":8},"end":{"line":559,"column":9}},"type":"if","locations":[{"start":{"line":549,"column":8},"end":{"line":559,"column":9}},{"start":{"line":554,"column":15},"end":{"line":559,"column":9}}],"line":549},"108":{"loc":{"start":{"line":595,"column":55},"end":{"line":595,"column":68}},"type":"default-arg","locations":[{"start":{"line":595,"column":64},"end":{"line":595,"column":68}}],"line":595}},"s":{"0":1,"1":1,"2":1,"3":1,"4":1,"5":1,"6":0,"7":1,"8":1,"9":0,"10":0,"11":1,"12":0,"13":1,"14":1,"15":0,"16":0,"17":1,"18":0,"19":1,"20":1,"21":0,"22":0,"23":1,"24":0,"25":1,"26":1,"27":0,"28":0,"29":0,"30":0,"31":0,"32":0,"33":0,"34":0,"35":0,"36":0,"37":0,"38":0,"39":0,"40":0,"41":0,"42":0,"43":0,"44":0,"45":0,"46":0,"47":0,"48":0,"49":0,"50":0,"51":0,"52":0,"53":0,"54":0,"55":0,"56":0,"57":0,"58":0,"59":0,"60":0,"61":0,"62":0,"63":0,"64":0,"65":0,"66":0,"67":0,"68":0,"69":0,"70":0,"71":0,"72":0,"73":0,"74":0,"75":0,"76":0,"77":0,"78":0,"79":0,"80":0,"81":0,"82":0,"83":0,"84":0,"85":0,"86":0,"87":0,"88":0,"89":0,"90":0,"91":0,"92":0,"93":0,"94":0,"95":0,"96":0,"97":0,"98":0,"99":0,"100":0,"101":0,"102":0,"103":0,"104":0,"105":0,"106":0,"107":0,"108":0,"109":0,"110":0,"111":0,"112":0,"113":0,"114":0,"115":0,"116":0,"117":0,"118":0,"119":0,"120":0,"121":0,"122":0,"123":0,"124":0,"125":0,"126":0,"127":0,"128":0,"129":0,"130":0,"131":0,"132":0,"133":0,"134":0,"135":0,"136":0,"137":0,"138":0,"139":0,"140":0,"141":0,"142":0,"143":0,"144":0,"145":0,"146":0,"147":0,"148":0,"149":0,"150":0,"151":0,"152":0,"153":0,"154":0,"155":0,"156":0,"157":0,"158":0,"159":0,"160":0,"161":0,"162":0,"163":0,"164":0,"165":0,"166":0,"167":0,"168":0,"169":0,"170":0,"171":0,"172":0,"173":0,"174":0,"175":0,"176":0,"177":0,"178":0,"179":0,"180":0,"181":0,"182":0,"183":0,"184":0,"185":0,"186":0,"187":0,"188":0,"189":0,"190":0,"191":0,"192":0,"193":0,"194":0,"195":0,"196":0,"197":0,"198":0,"199":0,"200":0,"201":0,"202":0,"203":0,"204":0,"205":0,"206":0,"207":0,"208":0,"209":0,"210":0,"211":0,"212":0,"213":0,"214":0,"215":0,"216":0,"217":0,"218":0,"219":0,"220":0,"221":0,"222":0,"223":0,"224":0,"225":0,"226":0,"227":0,"228":0,"229":0,"230":0,"231":0,"232":0,"233":0,"234":0,"235":0,"236":0,"237":0,"238":0,"239":0,"240":0,"241":0,"242":0,"243":0,"244":0,"245":0,"246":0,"247":0,"248":1,"249":1,"250":1,"251":1,"252":1,"253":1,"254":1,"255":1,"256":1},"f":{"0":1,"1":0,"2":1,"3":0,"4":1,"5":0,"6":1,"7":0,"8":0,"9":0,"10":0,"11":0,"12":0,"13":0,"14":0,"15":0,"16":0,"17":0,"18":0,"19":0,"20":0,"21":0,"22":0,"23":0,"24":0,"25":0,"26":0,"27":0,"28":0,"29":0,"30":0,"31":0,"32":0,"33":0,"34":0,"35":1,"36":1,"37":1,"38":1},"b":{"0":[0,1],"1":[0,1],"2":[0,1],"3":[0,1],"4":[0],"5":[0],"6":[0,0],"7":[0,0],"8":[0,0],"9":[0,0],"10":[0,0],"11":[0,0],"12":[0,0],"13":[0,0],"14":[0,0],"15":[0,0],"16":[0,0],"17":[0,0],"18":[0,0],"19":[0],"20":[0,0],"21":[0,0],"22":[0,0],"23":[0,0],"24":[0,0],"25":[0,0],"26":[0,0],"27":[0,0],"28":[0,0],"29":[0,0],"30":[0,0],"31":[0,0],"32":[0,0],"33":[0,0],"34":[0,0],"35":[0,0],"36":[0,0],"37":[0,0],"38":[0,0],"39":[0],"40":[0,0],"41":[0,0],"42":[0,0],"43":[0,0],"44":[0,0],"45":[0,0],"46":[0,0],"47":[0,0],"48":[0,0],"49":[0,0],"50":[0,0],"51":[0,0],"52":[0],"53":[0,0],"54":[0,0],"55":[0,0],"56":[0,0],"57":[0,0],"58":[0,0],"59":[0,0],"60":[0,0],"61":[0,0],"62":[0,0],"63":[0,0],"64":[0,0],"65":[0,0],"66":[0,0],"67":[0,0],"68":[0,0],"69":[0,0,0],
[...]
":121,"column":70}}],"line":107},"14":{"loc":{"start":{"line":111,"column":30},"end":{"line":111,"column":40}},"type":"binary-expr","locations":[{"start":{"line":111,"column":30},"end":{"line":111,"column":34}},{"start":{"line":111,"column":38},"end":{"line":111,"column":40}}],"line":111},"15":{"loc":{"start":{"line":133,"column":8},"end":{"line":133,"column":91}},"type":"if","locations":[{"start":{"line":133,"column":8},"end":{"line":133,"column":91}},{"start":{},"end":{}}],"line":133},"16":{"loc":{"start":{"line":135,"column":8},"end":{"line":140,"column":9}},"type":"if","locations":[{"start":{"line":135,"column":8},"end":{"line":140,"column":9}},{"start":{"line":137,"column":15},"end":{"line":140,"column":9}}],"line":135},"17":{"loc":{"start":{"line":137,"column":15},"end":{"line":140,"column":9}},"type":"if","locations":[{"start":{"line":137,"column":15},"end":{"line":140,"column":9}},{"start":{},"end":{}}],"line":137},"18":{"loc":{"start":{"line":159,"column":8},"end":{"line":171,"column":9}},"type":"if","locations":[{"start":{"line":159,"column":8},"end":{"line":171,"column":9}},{"start":{},"end":{}}],"line":159},"19":{"loc":{"start":{"line":175,"column":8},"end":{"line":191,"column":9}},"type":"if","locations":[{"start":{"line":175,"column":8},"end":{"line":191,"column":9}},{"start":{},"end":{}}],"line":175},"20":{"loc":{"start":{"line":180,"column":16},"end":{"line":185,"column":17}},"type":"if","locations":[{"start":{"line":180,"column":16},"end":{"line":185,"column":17}},{"start":{},"end":{}}],"line":180},"21":{"loc":{"start":{"line":193,"column":8},"end":{"line":233,"column":9}},"type":"if","locations":[{"start":{"line":193,"column":8},"end":{"line":233,"column":9}},{"start":{},"end":{}}],"line":193},"22":{"loc":{"start":{"line":204,"column":16},"end":{"line":204,"column":37}},"type":"if","locations":[{"start":{"line":204,"column":16},"end":{"line":204,"column":37}},{"start":{},"end":{}}],"line":204},"23":{"loc":{"start":{"line":207,"column":16},"end":{"line":213,"column":17}},"type":"if","locations":[{"start":{"line":207,"column":16},"end":{"line":213,"column":17}},{"start":{},"end":{}}],"line":207},"24":{"loc":{"start":{"line":207,"column":20},"end":{"line":207,"column":63}},"type":"binary-expr","locations":[{"start":{"line":207,"column":20},"end":{"line":207,"column":42}},{"start":{"line":207,"column":46},"end":{"line":207,"column":63}}],"line":207},"25":{"loc":{"start":{"line":208,"column":33},"end":{"line":208,"column":72}},"type":"binary-expr","locations":[{"start":{"line":208,"column":33},"end":{"line":208,"column":63}},{"start":{"line":208,"column":67},"end":{"line":208,"column":72}}],"line":208},"26":{"loc":{"start":{"line":219,"column":16},"end":{"line":221,"column":17}},"type":"if","locations":[{"start":{"line":219,"column":16},"end":{"line":221,"column":17}},{"start":{},"end":{}}],"line":219},"27":{"loc":{"start":{"line":224,"column":16},"end":{"line":226,"column":17}},"type":"if","locations":[{"start":{"line":224,"column":16},"end":{"line":226,"column":17}},{"start":{},"end":{}}],"line":224},"28":{"loc":{"start":{"line":224,"column":20},"end":{"line":224,"column":52}},"type":"binary-expr","locations":[{"start":{"line":224,"column":20},"end":{"line":224,"column":42}},{"start":{"line":224,"column":46},"end":{"line":224,"column":52}}],"line":224},"29":{"loc":{"start":{"line":240,"column":8},"end":{"line":240,"column":91}},"type":"if","locations":[{"start":{"line":240,"column":8},"end":{"line":240,"column":91}},{"start":{},"end":{}}],"line":240},"30":{"loc":{"start":{"line":242,"column":8},"end":{"line":247,"column":9}},"type":"if","locations":[{"start":{"line":242,"column":8},"end":{"line":247,"column":9}},{"start":{"line":244,"column":15},"end":{"line":247,"column":9}}],"line":242},"31":{"loc":{"start":{"line":244,"column":15},"end":{"line":247,"column":9}},"type":"if","locations":[{"start":{"line":244,"column":15},"end":{"line":247,"column":9}},{"start":{},"end":{}}],"line":244}},"s":{"0":1,"1":1,"2":1,"3":1,"4":1,"5":1,"6":1,"7":1,"8":1,"9":0,"10":0,"11":0,"12":0,"13":0,"14":0,"15":1,"16":0,"17":0,"18":0,"19":0,"20":0,"21":0,"22":0,"23":0,"24":0,"25":0,"26":0,"27":0,"28":0,"29":0,"30":0,"31":0,"32":0,"33":0,"34":0,"35":0,"36":0,"37":0,"38":0,"39":0,"40":0,"41":0,"42":0,"43":0,"44":0,"45":0,"46":0,"47":0,"48":0,"49":0,"50":0,"51":0,"52":0,"53":0,"54":0,"55":0,"56":0,"57":0,"58":0,"59":0,"60":0,"61":0,"62":0,"63":0,"64":0,"65":0,"66":0,"67":0,"68":0,"69":0,"70":0,"71":0,"72":0,"73":0,"74":0,"75":0,"76":0,"77":0,"78":0,"79":0,"80":0,"81":0,"82":0,"83":0,"84":0,"85":0,"86":0,"87":0,"88":0,"89":0,"90":0,"91":0,"92":0,"93":0,"94":0,"95":0,"96":0,"97":0,"98":0,"99":0,"100":0,"101":0,"102":0,"103":0,"104":0,"105":0,"106":0,"107":0,"108":0,"109":0,"110":0,"111":0,"112":0,"113":0,"114":0,"115":0,"116":0,"117":0,"118":0,"119":0,"120":0,"121":0,"122":0,"123":0,"124":0,"125":0,"126":0,"127":0,"128":0,"129":0,"130":0,"131":0,"132":0,"133":0,"134":0,"135":0,"136":0,"137":0,"138":0,"139":0,"140":0,"141":0,"142":0,"143":0,"144":0,"145":0,"146":1,"147":0,"148":1},"f":{"0":0,"1":0,"2":0,"3":0,"4":0,"5":0,"6":0,"7":0,"8":0,"9":0,"10":0,"11":0,"12":0,"13":0,"14":0,"15":0,"16":0,"17":0,"18":0,"19":0,"20":0,"21":1},"b":{"0":[0,0],"1":[0,0],"2":[0,0],"3":[0,0],"4":[0,0],"5":[0,0],"6":[0,0],"7":[0,0],"8":[0,0],"9":[0,0],"10":[0,0],"11":[0,0],"12":[0,0],"13":[0,0,0,0],"14":[0,0],"15":[0,0],"16":[0,0],"17":[0,0],"18":[0,0],"19":[0,0],"20":[0,0],"21":[0,0],"22":[0,0],"23":[0,0],"24":[0,0],"25":[0,0],"26":[0,0],"27":[0,0],"28":[0,0],"29":[0,0],"30":[0,0],"31":[0,0]},"_coverageSchema":"1a1c01bbd47fc00a2c39e90264f33305004495a9","hash":"240b67dcaeaab064afafb49f21668e6b36b700fd"}
,"C:\\Users\\zyad\\Downloads\\Qareeblak-main\\server\\utils\\redis.js": {"path":"C:\\Users\\zyad\\Downloads\\Qareeblak-main\\server\\utils\\redis.js","statementMap":{"0":{"start":{"line":1,"column":14},"end":{"line":1,"column":32}},"1":{"start":{"line":2,"column":15},"end":{"line":2,"column":34}},"2":{"start":{"line":4,"column":26},"end":{"line":9,"column":1}},"3":{"start":{"line":5,"column":4},"end":{"line":7,"column":5}},"4":{"start":{"line":6,"column":8},"end":{"line":6,"column":55}},"5":{"start":{"line":8,"column":4},"end":{"line":8,"column":15}},"6":{"start":{"line":11,"column":15},"end":{"line":11,"column":83}},"7":{"start":{"line":12,"column":26},"end":{"line":12,"column":68}},"8":{"start":{"line":13,"column":34},"end":{"line":13,"column":39}},"9":{"start":{"line":14,"column":22},"end":{"line":14,"column":23}},"10":{"start":{"line":16,"column":0},"end":{"line":18,"column":1}},"11":{"start":{"line":17,"column":4},"end":{"line":17,"column":99}},"12":{"start":{"line":22,"column":21},"end":{"line":22,"column":26}},"13":{"start":{"line":23,"column":21},"end":{"line":23,"column":26}},"14":{"start":{"line":24,"column":26},"end":{"line":24,"column":27}},"15":{"start":{"line":26,"column":34},"end":{"line":46,"column":1}},"16":{"start":{"line":27,"column":23},"end":{"line":27,"column":48}},"17":{"start":{"line":28,"column":20},"end":{"line":28,"column":24}},"18":{"start":{"line":29,"column":4},"end":{"line":33,"column":5}},"19":{"start":{"line":30,"column":8},"end":{"line":30,"column":42}},"20":{"start":{"line":32,"column":8},"end":{"line":32,"column":25}},"21":{"start":{"line":35,"column":4},"end":{"line":45,"column":6}},"22":{"start":{"line":48,"column":15},"end":{"line":61,"column":3}},"23":{"start":{"line":50,"column":8},"end":{"line":50,"column":58}},"24":{"start":{"line":50,"column":46},"end":{"line":50,"column":58}},"25":{"start":{"line":51,"column":8},"end":{"line":55,"column":9}},"26":{"start":{"line":52,"column":12},"end":{"line":52,"column":34}},"27":{"start":{"line":53,"column":12},"end":{"line":53,"column":123}},"28":{"start":{"line":54,"column":12},"end":{"line":54,"column":24}},"29":{"start":{"line":57,"column":22},"end":{"line":57,"column":68}},"30":{"start":{"line":58,"column":8},"end":{"line":58,"column":21}},"31":{"start":{"line":63,"column":0},"end":{"line":93,"column":3}},"32":{"start":{"line":65,"column":4},"end":{"line":72,"column":5}},"33":{"start":{"line":66,"column":8},"end":{"line":70,"column":9}},"34":{"start":{"line":67,"column":12},"end":{"line":67,"column":34}},"35":{"start":{"line":68,"column":12},"end":{"line":68,"column":118}},"36":{"start":{"line":69,"column":12},"end":{"line":69,"column":32}},"37":{"start":{"line":71,"column":8},"end":{"line":71,"column":15}},"38":{"start":{"line":73,"column":4},"end":{"line":78,"column":5}},"39":{"start":{"line":74,"column":8},"end":{"line":74,"column":30}},"40":{"start":{"line":75,"column":8},"end":{"line":75,"column":127}},"41":{"start":{"line":76,"column":8},"end":{"line":76,"column":28}},"42":{"start":{"line":77,"column":8},"end":{"line":77,"column":15}},"43":{"start":{"line":80,"column":4},"end":{"line":88,"column":5}},"44":{"start":{"line":81,"column":8},"end":{"line":81,"column":26}},"45":{"start":{"line":82,"column":8},"end":{"line":86,"column":9}},"46":{"start":{"line":83,"column":12},"end":{"line":83,"column":34}},"47":{"start":{"line":84,"column":12},"end":{"line":84,"column":110}},"48":{"start":{"line":85,"column":12},"end":{"line":85,"column":32}},"49":{"start":{"line":87,"column":8},"end":{"line":87,"column":15}},"50":{"start":{"line":89,"column":4},"end":{"line":92,"column":5}},"51":{"start":{"line":90,"column":8},"end":{"line":90,"column":34}},"52":{"start":{"line":91,"column":8},"end":{"line":91,"column":100}},"53":{"start":{"line":95,"column":0},"end":{"line":98,"column":3}},"54":{"start":{"line":96,"column":4},"end":{"line":96,"column":31}},"55":{"start":{"line":97,"column":4},"end":{"line":97,"column":40}},"56":{"start":{"line":100,"column":0},"end":{"line":102,"column":3}},"57":{"start":{"line":101,"column":4},"end":{"line":101,"column":51}},"58":{"start":{"line":104,"column":0},"end":{"line":110,"column":3}},"59":{"start":{"line":105,"column":16},"end":{"line":105,"column":26}},"60":{"start":{"line":106,"column":4},"end":{"line":109,"column":5}},"61":{"start":{"line":107,"column":8},"end":{"line":107,"column":34}},"62":{"start":{"line":108,"column":8},"end":{"line":108,"column":51}},"63":{"start":{"line":116,"column":21},"end":{"line":131,"column":1}},"64":{"start":{"line":117,"column":4},"end":{"line":130,"column":5}},"65":{"start":{"line":118,"column":8},"end":{"line":118,"column":41}},"66":{"start":{"line":118,"column":28},"end":{"line":118,"column":41}},"67":{"start":{"line":119,"column":8},"end":{"line":119,"column":31}},"68":{"start":{"line":120,"column":8},"end":{"line":120,"column":20}},"69":{"start":{"line":123,"column":8},"end":{"line":127,"column":9}},"70":{"start":{"line":124,"column":12},"end":{"line":124,"column":34}},"71":{"start":{"line":125,"column":12},"end":{"line":125,"column":120}},"72":{"start":{"line":126,"column":12},"end":{"line":126,"column":25}},"73":{"start":{"line":128,"column":8},"end":{"line":128,"column":97}},"74":{"start":{"line":129,"column":8},"end":{"line":129,"column":21}},"75":{"start":{"line":133,"column":24},"end":{"line":133,"column":44}},"76":{"start":{"line":133,"column":30},"end":{"line":133,"column":44}},"77":{"start":{"line":135,"column":0},"end":{"line":135,"column":105}}},"fnMap":{"0":{"name":"(anonymous_0)","decl":{"start":{"line":4,"column":26},"end":{"line":4,"column":27}},"loc":{"start":{"line":4,"column":35},"end":{"line":9,"column":1}},"line":4},"1":{"name":"(anonymous_1)","decl":{"start":{"line":26,"column":34},"end":{"line":26,"column":35}},"loc":{"start":{"line":26,"column":70},"end":{"line":46,"column":1}},"line":26},"2":{"name":"(anonymous_2)","decl":{"start":{"line":49,"column":4},"end":{"line":49,"column":5}},"loc":{"start":{"line":49,"column":25},"end":{"line":59,"column":5}},"line":49},"3":{"name":"(anonymous_3)","decl":{"start":{"line":63,"column":19},"end":{"line":63,"column":20}},"loc":{"start":{"line":63,"column":28},"end":{"line":93,"column":1}},"line":63},"4":{"name":"(anonymous_4)","decl":{"start":{"line":95,"column":19},"end":{"line":95,"column":20}},"loc":{"start":{"line":95,"column":25},"end":{"line":98,"column":1}},"line":95},"5":{"name":"(anonymous_5)","decl":{"start":{"line":100,"column":21},"end":{"line":100,"column":22}},"loc":{"start":{"line":100,"column":27},"end":{"line":102,"column":1}},"line":100},"6":{"name":"(anonymous_6)","decl":{"start":{"line":104,"column":26},"end":{"line":104,"column":27}},"loc":{"start":{"line":104,"column":32},"end":{"line":110,"column":1}},"line":104},"7":{"name":"(anonymous_7)","decl":{"start":{"line":116,"column":21},"end":{"line":116,"column":22}},"loc":{"start":{"line":116,"column":33},"end":{"line":131,"column":1}},"line":116},"8":{"name":"(anonymous_8)","decl":{"start":{"line":133,"column":24},"end":{"line":133,"column":25}},"loc":{"start":{"line":133,"column":30},"end":{"line":133,"column":44}},"line":133}},"branchMap":{"0":{"loc":{"start":{"line":5,"column":4},"end":{"line":7,"column":5}},"type":"if","locations":[{"start":{"line":5,"column":4},"end":{"line":7,"column":5}},{"start":{},"end":{}}],"line":5},"1":{"loc":{"start":{"line":5,"column":8},"end":{"line":5,"column":64}},"type":"binary-expr","locations":[{"start":{"line":5,"column":8},"end":{"line":5,"column":34}},{"start":{"line":5,"column":38},"end":{"line":5,"column":64}}],"line":5},"2":{"loc":{"start":{"line":11,"column":33},"end":{"line":11,"column":82}},"type":"binary-expr","locations":[{"start":{"line":11,"column":33},"end":{"line":11,"column":54}},{"start":{"line":11,"column":58},"end":{"line":11,"column":82}}],"line":11},"3":{"loc":{"start":{"line":12,"column":33},"end":{"line":12,"column":67}},"type":"binary-expr","locations":[{"start":{"line":12,"column":33},"end":{"line":12,"column":62}},{"start":{"line":12,"column":66},"end":{"line":12,"column":67}}],"line":12},"4":{"loc":{"start":{"line":16,"column":0},"end":{"line":18,"column":1}},"type":"if","locations":[{"start":{"line":16,"column":0},"end":{"line":18,"column":1}},{"start":{},"end":{}}],"line":16},"5":{"loc":{"start":{"line":16,"column":4},"end":{"line":16,"column":63}},"type":"binary-expr","locations":[{"start":{"line":16,"column":4},"end":{"line":16,"column":25}},{"start":{"line":16,"column":29},"end":{"line":16,"column":63}}],"line":16},"6":{"loc":{"start":{"line":26,"column":35},"end":{"line":26,"column":49}},"type":"default-arg","locations":[{"start":{"line":26,"column":41},"end":{"line":26,"column":49}}],"line":26},"7":{"loc":{"start":{"line":26,"column":51},"end":{"line":26,"column":65}},"type":"default-arg","locations":[{"start":{"line":26,"column":63},"end":{"line":26,"column":65}}],"line":26},"8":{"loc":{"start":{"line":36,"column":12},"end":{"line":41,"column":14}},"type":"cond-expr","locations":[{"start":{"line":36,"column":25},"end":{"line":41,"column":9}},{"start":{"line":41,"column":12},"end":{"line":41,"column":14}}],"line":36},"9":{"loc":{"start":{"line":39,"column":20},"end":{"line":39,"column":62}},"type":"cond-expr","locations":[{"start":{"line":39,"column":32},"end":{"line":39,"column":57}},{"start":{"line":39,"column":60},"end":{"line":39,"column":62}}],"line":39},"10":{"loc":{"start":{"line":42,"column":31},"end":{"line":42,"column":75}},"type":"binary-expr","locations":[{"start":{"line":42,"column":31},"end":{"line":42,"column":67}},{"start":{"line":42,"column":71},"end":{"line":42,"column":75}}],"line":42},"11":{"loc":{"start":{"line":50,"column":8},"end":{"line":50,"column":58}},"type":"if","locations":[{"start":{"line":50,"column":8},"end":{"line":50,"column":58}},{"start":{},"end":{}}],"line":50},"12":{"loc":{"start":{"line":50,"column":12},"end":{"line":50,"column":44}},"type":"binary-expr","locations":[{"start":{"line":50,"column":12},"end":{"line":50,"column":26}},{"start":{"line":50,"column":30},"end":{"line":50,"column":44}}],"line":50},"13":{"loc":{"start":{"line":51,"column":8},"end":{"line":55,"column":9}},"type":"if","locations":[{"start":{"line":51,"column":8},"end":{"line":55,"column":9}},{"start":{},"end":{}}],"line":51},"14":{"loc":{"start":{"line":65,"column":4},"end":{"line":72,"column":5}},"type":"if","locations":[{"start":{"line":65,"column":4},"end":{"line":72,"column":5}},{"start":{},"end":{}}],"line":65},"15":{"loc":{"start":{"line":65,"column":8},"end":{"line":65,"column":74}},"type":"binary-expr","locations":[{"start":{"line":65,"column":8},"end":{"line":65,"column":19}},{"start":{"line":65,"column":23},"end":{"line":65,"column":74}}],"line":65},"16":{"loc":{"start":{"line":66,"column":8},"end":{"line":70,"column":9}},"type":"if","locations":[{"start":{"line":66,"column":8},"end":{"line":70,"column":9}},{"start":{},"end":{}}],"line":66},"17":{"loc":{"start":{"line":73,"column":4},"end":{"line":78,"column":5}},"type":"if","locations":[{"start":{"line":73,"column":4},"end":{"line":78,"column":5}},{"start":{},"end":{}}],"line":73},"18":{"loc":{"start":{"line":73,"column":8},"end":{"line":73,"column":87}},"type":"binary-expr","locations":[{"start":{"line":73,"column":8},"end":{"line":73,"column":19}},{"start":{"line":73,"column":23},"end":{"line":73,"column":87}}],"line":73},"19":{"loc":{"start":{"line":80,"column":4},"end":{"line":88,"column":5}},"type":"if","locations":[{"start":{"line":80,"column":4},"end":{"line":88,"column":5}},{"start":{},"end":{}}],"line":80},"20":{"loc":{"start":{"line":80,"column":8},"end":{"line":80,"column":56}},"type":"binary-expr","locations":[{"start":{"line":80,"column":8},"end":{"line":80,"column":19}},{"start":{"line":80,"column":23},"end":{"line":80,"column":56}}],"line":80},"21":{"loc":{"start":{"line":82,"column":8},"end":{"line":86,"column":9}},"type":"if","locations":[{"start":{"line":82,"column":8},"end":{"line":86,"column":9}},{"start":{},"end":{}}],"line":82},"22":{"loc":{"start":{"line":82,"column":12},"end":{"line":82,"column":51}},"type":"binary-expr","locations":[{"start":{"line":82,"column":12},"end":{"line":82,"column":32}},{"start":{"line":82,"column":36},"end":{"line":82,"column":51}}],"line":82},"23":{"loc":{"start":{"line":89,"column":4},"end":{"line":92,"column":5}},"type":"if","locations":[{"start":{"line":89,"column":4},"end":{"line":92,"column":5}},{"start":{},"end":{}}],"line":89},"24":{"loc":{"start":{"line":106,"column":4},"end":{"line":109,"column":5}},"type":"if","locations":[{"start":{"line":106,"column":4},"end":{"line":109,"column":5}},{"start":{},"end":{}}],"line":106},"25":{"loc":{"start":{"line":118,"column":8},"end":{"line":118,"column":41}},"type":"if","locations":[{"start":{"line":118,"column":8},"end":{"line":118,"column":41}},{"start":{},"end":{}}],"line":118},"26":{"loc":{"start":{"line":123,"column":8},"end":{"line":127,"column":9}},"type":"if","locations":[{"start":{"line":123,"column":8},"end":{"line":127,"column":9}},{"start":{},"end":{}}],"line":123},"27":{"loc":{"start":{"line":123,"column":12},"end":{"line":123,"column":82}},"type":"binary-expr","locations":[{"start":{"line":123,"column":12},"end":{"line":123,"column":25}},{"start":{"line":123,"column":29},"end":{"line":123,"column":82}}],"line":123}},"s":{"0":1,"1":1,"2":1,"3":1,"4":1,"5":0,"6":1,"7":1,"8":1,"9":1,"10":1,"11":1,"12":1,"13":1,"14":1,"15":1,"16":1,"17":1,"18":1,"19":1,"20":0,"21":1,"22":1,"23":0,"24":0,"25":0,"26":0,"27":0,"28":0,"29":0,"30":0,"31":1,"32":0,"33":0,"34":0,"35":0,"36":0,"37":0,"38":0,"39":0,"40":0,"41":0,"42":0,"43":0,"44":0,"45":0,"46":0,"47":0,"48":0,"49":0,"50":0,"51":0,"52":0,"53":1,"54":0,"55":0,"56":1,"57":0,"58":1,"59":0,"60":0,"61":0,"62":0,"63":1,"64":0,"65":0,"66":0,"67":0,"68":0,"69":0,"70":0,"71":0,"72":0,"73":0,"74":0,"75":1,"76":0,"77":1},"f":{"0":1,"1":1,"2":0,"3":0,"4":0,"5":0,"6":0,"7":0,"8":0},"b":{"0":[1,0],"1":[1,1],"2":[1,0],"3":[1,1],"4":[1,0],"5":[1,1],"6":[0],"7":[0],"8":[1,0],"9":[1,0],"10":[1,1],"11":[0,0],"12":[0,0],"13":[0,0],"14":[0,0],"15":[0,0],"16":[0,0],"17":[0,0],"18":[0,0],"19":[0,0],"20":[0,0],"21":[0,0],"22":[0,0],"23":[0,0],"24":[0,0],"25":[0,0],"26":[0,0],"27":[0,0]},"_coverageSchema":"1a1c01bbd47fc00a2c39e90264f33305004495a9","hash":"ec1021e17a849c4bb416955a821dbb96024b2521"}
}
