TN:
SF:middleware\auth.js
FN:14,(anonymous_0)
FN:26,verifyJWT
FN:53,(anonymous_2)
FN:67,(anonymous_3)
FN:68,(anonymous_4)
FN:69,(anonymous_5)
FN:70,(anonymous_6)
FN:81,getUserWithCache
FN:138,invalidateUserCache
FN:150,(anonymous_9)
FN:208,(anonymous_10)
FN:218,(anonymous_11)
FN:228,(anonymous_12)
FN:242,(anonymous_13)
FN:246,(anonymous_14)
FN:247,(anonymous_15)
FNF:16
FNH:0
FNDA:0,(anonymous_0)
FNDA:0,verifyJWT
FNDA:0,(anonymous_2)
FNDA:0,(anonymous_3)
FNDA:0,(anonymous_4)
FNDA:0,(anonymous_5)
FNDA:0,(anonymous_6)
FNDA:0,getUserWithCache
FNDA:0,invalidateUserCache
FNDA:0,(anonymous_9)
FNDA:0,(anonymous_10)
FNDA:0,(anonymous_11)
FNDA:0,(anonymous_12)
FNDA:0,(anonymous_13)
FNDA:0,(anonymous_14)
FNDA:0,(anonymous_15)
DA:1,1
DA:2,1
DA:3,1
DA:4,1
DA:5,1
DA:8,1
DA:9,1
DA:13,1
DA:14,0
DA:16,1
DA:18,1
DA:19,0
DA:20,0
DA:27,0
DA:28,0
DA:30,0
DA:31,0
DA:32,0
DA:34,0
DA:35,0
DA:36,0
DA:39,0
DA:44,1
DA:51,1
DA:52,1
DA:54,0
DA:67,1
DA:68,1
DA:69,1
DA:70,1
DA:71,0
DA:72,0
DA:82,0
DA:85,0
DA:86,0
DA:87,0
DA:88,0
DA:89,0
DA:98,0
DA:99,0
DA:101,0
DA:102,0
DA:104,0
DA:107,0
DA:109,0
DA:112,0
DA:113,0
DA:115,0
DA:116,0
DA:118,0
DA:119,0
DA:123,0
DA:124,0
DA:125,0
DA:131,0
DA:139,0
DA:140,0
DA:141,0
DA:150,1
DA:151,0
DA:152,0
DA:154,0
DA:155,0
DA:156,0
DA:158,0
DA:161,0
DA:162,0
DA:165,0
DA:166,0
DA:169,0
DA:170,0
DA:174,0
DA:176,0
DA:177,0
DA:182,0
DA:183,0
DA:184,0
DA:188,0
DA:189,0
DA:192,0
DA:193,0
DA:195,0
DA:196,0
DA:198,0
DA:199,0
DA:201,0
DA:208,1
DA:209,0
DA:210,0
DA:212,0
DA:218,1
DA:219,0
DA:220,0
DA:222,0
DA:228,1
DA:229,0
DA:230,0
DA:232,0
DA:233,0
DA:235,0
DA:242,1
DA:243,0
DA:244,0
DA:245,0
DA:246,0
DA:247,0
DA:248,0
DA:249,0
DA:252,0
DA:254,0
DA:257,0
DA:258,0
DA:261,0
DA:263,0
DA:264,0
DA:268,0
DA:269,0
DA:272,0
DA:273,0
DA:275,0
DA:279,1
LF:121
LH:23
BRDA:8,0,0,1
BRDA:8,0,1,1
BRDA:9,1,0,1
BRDA:9,1,1,1
BRDA:13,2,0,0
BRDA:13,2,1,1
BRDA:18,3,0,0
BRDA:18,3,1,1
BRDA:26,4,0,0
BRDA:27,5,0,0
BRDA:27,5,1,0
BRDA:35,6,0,0
BRDA:35,6,1,0
BRDA:35,7,0,0
BRDA:35,7,1,0
BRDA:85,8,0,0
BRDA:85,8,1,0
BRDA:85,9,0,0
BRDA:85,9,1,0
BRDA:88,10,0,0
BRDA:88,10,1,0
BRDA:101,11,0,0
BRDA:101,11,1,0
BRDA:101,12,0,0
BRDA:101,12,1,0
BRDA:107,13,0,0
BRDA:107,13,1,0
BRDA:112,14,0,0
BRDA:112,14,1,0
BRDA:112,15,0,0
BRDA:112,15,1,0
BRDA:115,16,0,0
BRDA:115,16,1,0
BRDA:115,17,0,0
BRDA:115,17,1,0
BRDA:118,18,0,0
BRDA:118,18,1,0
BRDA:118,19,0,0
BRDA:118,19,1,0
BRDA:123,20,0,0
BRDA:123,20,1,0
BRDA:123,21,0,0
BRDA:123,21,1,0
BRDA:139,22,0,0
BRDA:139,22,1,0
BRDA:139,23,0,0
BRDA:139,23,1,0
BRDA:154,24,0,0
BRDA:154,24,1,0
BRDA:154,25,0,0
BRDA:154,25,1,0
BRDA:156,26,0,0
BRDA:156,26,1,0
BRDA:156,27,0,0
BRDA:156,27,1,0
BRDA:161,28,0,0
BRDA:161,28,1,0
BRDA:169,29,0,0
BRDA:169,29,1,0
BRDA:176,30,0,0
BRDA:176,30,1,0
BRDA:182,31,0,0
BRDA:182,31,1,0
BRDA:188,32,0,0
BRDA:188,32,1,0
BRDA:188,33,0,0
BRDA:188,33,1,0
BRDA:195,34,0,0
BRDA:195,34,1,0
BRDA:195,35,0,0
BRDA:195,35,1,0
BRDA:198,36,0,0
BRDA:198,36,1,0
BRDA:209,37,0,0
BRDA:209,37,1,0
BRDA:209,38,0,0
BRDA:209,38,1,0
BRDA:219,39,0,0
BRDA:219,39,1,0
BRDA:219,40,0,0
BRDA:219,40,1,0
BRDA:219,40,2,0
BRDA:232,41,0,0
BRDA:232,41,1,0
BRDA:232,42,0,0
BRDA:232,42,1,0
BRDA:244,43,0,0
BRDA:244,43,1,0
BRDA:245,44,0,0
BRDA:245,44,1,0
BRDA:245,45,0,0
BRDA:245,45,1,0
BRDA:248,46,0,0
BRDA:248,46,1,0
BRDA:252,47,0,0
BRDA:252,47,1,0
BRDA:257,48,0,0
BRDA:257,48,1,0
BRDA:263,49,0,0
BRDA:263,49,1,0
BRDA:263,50,0,0
BRDA:263,50,1,0
BRDA:268,51,0,0
BRDA:268,51,1,0
BRDA:268,52,0,0
BRDA:268,52,1,0
BRF:106
BRH:6
end_of_record
TN:
SF:repositories\booking.repository.js
FN:8,getBookingsColumns
FN:17,(anonymous_1)
FN:21,getParentOrdersColumns
FN:30,(anonymous_3)
FN:34,getDeliveryOrdersColumns
FN:43,(anonymous_5)
FN:47,getUsersColumns
FN:56,(anonymous_7)
FN:61,(anonymous_8)
FN:68,(anonymous_9)
FN:73,(anonymous_10)
FN:78,(anonymous_11)
FN:90,(anonymous_12)
FN:96,(anonymous_13)
FN:124,(anonymous_14)
FN:144,(anonymous_15)
FN:177,(anonymous_16)
FN:188,(anonymous_17)
FN:195,(anonymous_18)
FN:239,(anonymous_19)
FN:338,(anonymous_20)
FN:410,(anonymous_21)
FN:426,(anonymous_22)
FN:442,(anonymous_23)
FN:470,(anonymous_24)
FN:474,(anonymous_25)
FN:489,(anonymous_26)
FN:504,(anonymous_27)
FN:564,(anonymous_28)
FN:572,(anonymous_29)
FN:580,(anonymous_30)
FN:585,(anonymous_31)
FN:590,(anonymous_32)
FN:595,(anonymous_33)
FN:602,(anonymous_34)
FN:611,(anonymous_35)
FN:612,(anonymous_36)
FN:613,(anonymous_37)
FN:614,(anonymous_38)
FNF:39
FNH:8
FNDA:1,getBookingsColumns
FNDA:0,(anonymous_1)
FNDA:1,getParentOrdersColumns
FNDA:0,(anonymous_3)
FNDA:1,getDeliveryOrdersColumns
FNDA:0,(anonymous_5)
FNDA:1,getUsersColumns
FNDA:0,(anonymous_7)
FNDA:0,(anonymous_8)
FNDA:0,(anonymous_9)
FNDA:0,(anonymous_10)
FNDA:0,(anonymous_11)
FNDA:0,(anonymous_12)
FNDA:0,(anonymous_13)
FNDA:0,(anonymous_14)
FNDA:0,(anonymous_15)
FNDA:0,(anonymous_16)
FNDA:0,(anonymous_17)
FNDA:0,(anonymous_18)
FNDA:0,(anonymous_19)
FNDA:0,(anonymous_20)
FNDA:0,(anonymous_21)
FNDA:0,(anonymous_22)
FNDA:0,(anonymous_23)
FNDA:0,(anonymous_24)
FNDA:0,(anonymous_25)
FNDA:0,(anonymous_26)
FNDA:0,(anonymous_27)
FNDA:0,(anonymous_28)
FNDA:0,(anonymous_29)
FNDA:0,(anonymous_30)
FNDA:0,(anonymous_31)
FNDA:0,(anonymous_32)
FNDA:0,(anonymous_33)
FNDA:0,(anonymous_34)
FNDA:1,(anonymous_35)
FNDA:1,(anonymous_36)
FNDA:1,(anonymous_37)
FNDA:1,(anonymous_38)
DA:1,1
DA:3,1
DA:4,1
DA:5,1
DA:6,1
DA:9,1
DA:11,1
DA:17,1
DA:18,0
DA:22,1
DA:24,1
DA:30,1
DA:31,0
DA:35,1
DA:37,1
DA:43,1
DA:44,0
DA:48,1
DA:50,1
DA:56,1
DA:57,0
DA:63,0
DA:64,0
DA:65,0
DA:69,0
DA:70,0
DA:74,0
DA:75,0
DA:79,0
DA:86,0
DA:87,0
DA:91,0
DA:92,0
DA:93,0
DA:94,0
DA:96,0
DA:97,0
DA:98,0
DA:99,0
DA:102,0
DA:104,0
DA:105,0
DA:106,0
DA:107,0
DA:110,0
DA:111,0
DA:112,0
DA:113,0
DA:114,0
DA:116,0
DA:120,0
DA:121,0
DA:137,0
DA:139,0
DA:140,0
DA:141,0
DA:142,0
DA:144,0
DA:145,0
DA:146,0
DA:147,0
DA:150,0
DA:151,0
DA:153,0
DA:154,0
DA:155,0
DA:156,0
DA:159,0
DA:160,0
DA:161,0
DA:162,0
DA:163,0
DA:164,0
DA:165,0
DA:166,0
DA:167,0
DA:169,0
DA:173,0
DA:174,0
DA:178,0
DA:184,0
DA:185,0
DA:189,0
DA:196,0
DA:197,0
DA:198,0
DA:199,0
DA:202,0
DA:203,0
DA:204,0
DA:206,0
DA:207,0
DA:208,0
DA:209,0
DA:212,0
DA:218,0
DA:223,0
DA:224,0
DA:226,0
DA:228,0
DA:229,0
DA:231,0
DA:233,0
DA:236,0
DA:240,0
DA:241,0
DA:242,0
DA:243,0
DA:246,0
DA:247,0
DA:248,0
DA:249,0
DA:250,0
DA:251,0
DA:252,0
DA:253,0
DA:254,0
DA:256,0
DA:257,0
DA:258,0
DA:260,0
DA:261,0
DA:262,0
DA:264,0
DA:268,0
DA:269,0
DA:273,0
DA:275,0
DA:276,0
DA:301,0
DA:303,0
DA:329,0
DA:332,0
DA:335,0
DA:339,0
DA:340,0
DA:343,0
DA:344,0
DA:345,0
DA:346,0
DA:347,0
DA:348,0
DA:349,0
DA:350,0
DA:351,0
DA:355,0
DA:357,0
DA:358,0
DA:379,0
DA:381,0
DA:403,0
DA:406,0
DA:407,0
DA:411,0
DA:422,0
DA:423,0
DA:429,0
DA:438,0
DA:439,0
DA:444,0
DA:445,0
DA:446,0
DA:448,0
DA:449,0
DA:450,0
DA:453,0
DA:454,0
DA:457,0
DA:459,0
DA:460,0
DA:461,0
DA:462,0
DA:465,0
DA:466,0
DA:467,0
DA:471,0
DA:475,0
DA:476,0
DA:477,0
DA:479,0
DA:480,0
DA:483,0
DA:490,0
DA:491,0
DA:492,0
DA:493,0
DA:495,0
DA:501,0
DA:505,0
DA:506,0
DA:508,0
DA:509,0
DA:511,0
DA:512,0
DA:513,0
DA:515,0
DA:516,0
DA:517,0
DA:518,0
DA:520,0
DA:524,0
DA:525,0
DA:546,0
DA:547,0
DA:549,0
DA:550,0
DA:555,0
DA:561,0
DA:565,0
DA:569,0
DA:573,0
DA:577,0
DA:581,0
DA:582,0
DA:586,0
DA:587,0
DA:591,0
DA:592,0
DA:596,0
DA:603,0
DA:611,1
DA:612,1
DA:613,1
DA:614,1
DA:616,1
LF:225
LH:22
BRDA:9,0,0,0
BRDA:9,0,1,1
BRDA:22,1,0,0
BRDA:22,1,1,1
BRDA:35,2,0,0
BRDA:35,2,1,1
BRDA:48,3,0,0
BRDA:48,3,1,1
BRDA:78,4,0,0
BRDA:90,5,0,0
BRDA:102,6,0,0
BRDA:102,6,1,0
BRDA:104,7,0,0
BRDA:104,7,1,0
BRDA:106,8,0,0
BRDA:106,8,1,0
BRDA:110,9,0,0
BRDA:110,9,1,0
BRDA:110,10,0,0
BRDA:110,10,1,0
BRDA:111,11,0,0
BRDA:111,11,1,0
BRDA:111,12,0,0
BRDA:111,12,1,0
BRDA:112,13,0,0
BRDA:112,13,1,0
BRDA:113,14,0,0
BRDA:113,14,1,0
BRDA:113,15,0,0
BRDA:113,15,1,0
BRDA:114,16,0,0
BRDA:114,16,1,0
BRDA:114,17,0,0
BRDA:114,17,1,0
BRDA:116,18,0,0
BRDA:116,18,1,0
BRDA:124,19,0,0
BRDA:150,20,0,0
BRDA:150,20,1,0
BRDA:151,21,0,0
BRDA:151,21,1,0
BRDA:153,22,0,0
BRDA:153,22,1,0
BRDA:155,23,0,0
BRDA:155,23,1,0
BRDA:159,24,0,0
BRDA:159,24,1,0
BRDA:160,25,0,0
BRDA:160,25,1,0
BRDA:161,26,0,0
BRDA:161,26,1,0
BRDA:162,27,0,0
BRDA:162,27,1,0
BRDA:162,28,0,0
BRDA:162,28,1,0
BRDA:163,29,0,0
BRDA:163,29,1,0
BRDA:163,30,0,0
BRDA:163,30,1,0
BRDA:164,31,0,0
BRDA:164,31,1,0
BRDA:164,32,0,0
BRDA:164,32,1,0
BRDA:165,33,0,0
BRDA:165,33,1,0
BRDA:166,34,0,0
BRDA:166,34,1,0
BRDA:166,35,0,0
BRDA:166,35,1,0
BRDA:167,36,0,0
BRDA:167,36,1,0
BRDA:167,37,0,0
BRDA:167,37,1,0
BRDA:169,38,0,0
BRDA:169,38,1,0
BRDA:188,39,0,0
BRDA:196,40,0,0
BRDA:196,40,1,0
BRDA:197,41,0,0
BRDA:197,41,1,0
BRDA:197,42,0,0
BRDA:197,42,1,0
BRDA:199,43,0,0
BRDA:199,43,1,0
BRDA:199,44,0,0
BRDA:199,44,1,0
BRDA:203,45,0,0
BRDA:203,45,1,0
BRDA:203,46,0,0
BRDA:203,46,1,0
BRDA:204,47,0,0
BRDA:204,47,1,0
BRDA:207,48,0,0
BRDA:207,48,1,0
BRDA:209,49,0,0
BRDA:209,49,1,0
BRDA:219,50,0,0
BRDA:219,50,1,0
BRDA:231,51,0,0
BRDA:231,51,1,0
BRDA:239,52,0,0
BRDA:243,53,0,0
BRDA:243,53,1,0
BRDA:245,54,0,0
BRDA:245,54,1,0
BRDA:246,55,0,0
BRDA:246,55,1,0
BRDA:247,56,0,0
BRDA:247,56,1,0
BRDA:248,57,0,0
BRDA:248,57,1,0
BRDA:249,58,0,0
BRDA:249,58,1,0
BRDA:250,59,0,0
BRDA:250,59,1,0
BRDA:251,60,0,0
BRDA:251,60,1,0
BRDA:252,61,0,0
BRDA:252,61,1,0
BRDA:253,62,0,0
BRDA:253,62,1,0
BRDA:254,63,0,0
BRDA:254,63,1,0
BRDA:260,64,0,0
BRDA:260,64,1,0
BRDA:260,65,0,0
BRDA:260,65,1,0
BRDA:261,66,0,0
BRDA:261,66,1,0
BRDA:261,67,0,0
BRDA:261,67,1,0
BRDA:262,68,0,0
BRDA:262,68,1,0
BRDA:262,69,0,0
BRDA:262,69,1,0
BRDA:262,69,2,0
BRDA:264,70,0,0
BRDA:264,70,1,0
BRDA:264,71,0,0
BRDA:264,71,1,0
BRDA:268,72,0,0
BRDA:268,72,1,0
BRDA:269,73,0,0
BRDA:269,73,1,0
BRDA:275,74,0,0
BRDA:275,74,1,0
BRDA:338,75,0,0
BRDA:340,76,0,0
BRDA:340,76,1,0
BRDA:342,77,0,0
BRDA:342,77,1,0
BRDA:343,78,0,0
BRDA:343,78,1,0
BRDA:344,79,0,0
BRDA:344,79,1,0
BRDA:345,80,0,0
BRDA:345,80,1,0
BRDA:346,81,0,0
BRDA:346,81,1,0
BRDA:347,82,0,0
BRDA:347,82,1,0
BRDA:348,83,0,0
BRDA:348,83,1,0
BRDA:349,84,0,0
BRDA:349,84,1,0
BRDA:350,85,0,0
BRDA:350,85,1,0
BRDA:351,86,0,0
BRDA:351,86,1,0
BRDA:357,87,0,0
BRDA:357,87,1,0
BRDA:442,88,0,0
BRDA:448,89,0,0
BRDA:448,89,1,0
BRDA:453,90,0,0
BRDA:453,90,1,0
BRDA:459,91,0,0
BRDA:459,91,1,0
BRDA:460,92,0,0
BRDA:460,92,1,0
BRDA:479,93,0,0
BRDA:479,93,1,0
BRDA:491,94,0,0
BRDA:491,94,1,0
BRDA:492,95,0,0
BRDA:492,95,1,0
BRDA:493,96,0,0
BRDA:493,96,1,0
BRDA:506,97,0,0
BRDA:506,97,1,0
BRDA:511,98,0,0
BRDA:511,98,1,0
BRDA:512,99,0,0
BRDA:512,99,1,0
BRDA:512,99,2,0
BRDA:513,100,0,0
BRDA:513,100,1,0
BRDA:513,100,2,0
BRDA:515,101,0,0
BRDA:515,101,1,0
BRDA:516,102,0,0
BRDA:516,102,1,0
BRDA:535,103,0,0
BRDA:535,103,1,0
BRDA:538,104,0,0
BRDA:538,104,1,0
BRDA:539,105,0,0
BRDA:539,105,1,0
BRDA:547,106,0,0
BRDA:547,106,1,0
BRDA:549,107,0,0
BRDA:549,107,1,0
BRDA:595,108,0,0
BRF:213
BRH:4
end_of_record
TN:
SF:routes\notifications.js
FN:10,getNotificationsColumns
FN:19,(anonymous_1)
FN:23,pickFirstExisting
FN:37,(anonymous_3)
FN:78,(anonymous_4)
FN:100,(anonymous_5)
FN:129,(anonymous_6)
FN:151,(anonymous_7)
FN:175,createNotification
FN:187,(anonymous_9)
FNF:10
FNH:0
FNDA:0,getNotificationsColumns
FNDA:0,(anonymous_1)
FNDA:0,pickFirstExisting
FNDA:0,(anonymous_3)
FNDA:0,(anonymous_4)
FNDA:0,(anonymous_5)
FNDA:0,(anonymous_6)
FNDA:0,(anonymous_7)
FNDA:0,createNotification
FNDA:0,(anonymous_9)
DA:1,1
DA:2,1
DA:3,1
DA:5,1
DA:6,1
DA:8,1
DA:11,0
DA:13,0
DA:19,0
DA:20,0
DA:24,0
DA:25,0
DA:27,0
DA:31,1
DA:37,1
DA:38,0
DA:39,0
DA:40,0
DA:41,0
DA:42,0
DA:43,0
DA:44,0
DA:45,0
DA:47,0
DA:59,0
DA:61,0
DA:62,0
DA:65,0
DA:67,0
DA:68,0
DA:70,0
DA:78,1
DA:79,0
DA:80,0
DA:81,0
DA:82,0
DA:83,0
DA:84,0
DA:86,0
DA:90,0
DA:92,0
DA:100,1
DA:101,0
DA:102,0
DA:103,0
DA:104,0
DA:105,0
DA:106,0
DA:107,0
DA:110,0
DA:115,0
DA:116,0
DA:119,0
DA:121,0
DA:129,1
DA:130,0
DA:131,0
DA:132,0
DA:133,0
DA:134,0
DA:135,0
DA:137,0
DA:141,0
DA:143,0
DA:151,1
DA:152,0
DA:153,0
DA:155,0
DA:156,0
DA:159,0
DA:160,0
DA:162,0
DA:163,0
DA:166,0
DA:168,0
DA:176,0
DA:177,0
DA:178,0
DA:179,0
DA:180,0
DA:181,0
DA:183,0
DA:184,0
DA:185,0
DA:187,0
DA:188,0
DA:189,0
DA:190,0
DA:193,0
DA:194,0
DA:195,0
DA:196,0
DA:198,0
DA:203,0
DA:204,0
DA:213,0
DA:214,0
DA:220,0
DA:222,0
DA:223,0
DA:227,1
DA:228,1
LF:102
LH:14
BRDA:11,0,0,0
BRDA:11,0,1,0
BRDA:25,1,0,0
BRDA:25,1,1,0
BRDA:51,2,0,0
BRDA:51,2,1,0
BRDA:52,3,0,0
BRDA:52,3,1,0
BRDA:53,4,0,0
BRDA:53,4,1,0
BRDA:54,5,0,0
BRDA:54,5,1,0
BRDA:61,6,0,0
BRDA:61,6,1,0
BRDA:61,7,0,0
BRDA:61,7,1,0
BRDA:83,8,0,0
BRDA:83,8,1,0
BRDA:106,9,0,0
BRDA:106,9,1,0
BRDA:115,10,0,0
BRDA:115,10,1,0
BRDA:134,11,0,0
BRDA:134,11,1,0
BRDA:153,12,0,0
BRDA:153,12,1,0
BRDA:155,13,0,0
BRDA:155,13,1,0
BRDA:155,14,0,0
BRDA:155,14,1,0
BRDA:155,14,2,0
BRDA:160,15,0,0
BRDA:160,15,1,0
BRDA:162,16,0,0
BRDA:162,16,1,0
BRDA:175,17,0,0
BRDA:175,18,0,0
BRDA:193,19,0,0
BRDA:193,19,1,0
BRDA:194,20,0,0
BRDA:194,20,1,0
BRDA:195,21,0,0
BRDA:195,21,1,0
BRDA:196,22,0,0
BRDA:196,22,1,0
BRDA:203,23,0,0
BRDA:203,23,1,0
BRDA:206,24,0,0
BRDA:206,24,1,0
BRDA:207,25,0,0
BRDA:207,25,1,0
BRDA:208,26,0,0
BRDA:208,26,1,0
BRDA:209,27,0,0
BRDA:209,27,1,0
BRDA:213,28,0,0
BRDA:213,28,1,0
BRF:57
BRH:0
end_of_record
TN:
SF:services\booking.service.js
FN:14,(anonymous_0)
FN:21,(anonymous_1)
FN:28,(anonymous_2)
FN:28,(anonymous_3)
FN:31,(anonymous_4)
FN:37,(anonymous_5)
FN:56,(anonymous_6)
FN:78,(anonymous_7)
FN:82,(anonymous_8)
FN:115,(anonymous_9)
FN:124,(anonymous_10)
FN:125,(anonymous_11)
FN:164,(anonymous_12)
FN:188,(anonymous_13)
FN:203,(anonymous_14)
FN:220,(anonymous_15)
FN:268,(anonymous_16)
FN:299,(anonymous_17)
FNF:18
FNH:0
FNDA:0,(anonymous_0)
FNDA:0,(anonymous_1)
FNDA:0,(anonymous_2)
FNDA:0,(anonymous_3)
FNDA:0,(anonymous_4)
FNDA:0,(anonymous_5)
FNDA:0,(anonymous_6)
FNDA:0,(anonymous_7)
FNDA:0,(anonymous_8)
FNDA:0,(anonymous_9)
FNDA:0,(anonymous_10)
FNDA:0,(anonymous_11)
FNDA:0,(anonymous_12)
FNDA:0,(anonymous_13)
FNDA:0,(anonymous_14)
FNDA:0,(anonymous_15)
FNDA:0,(anonymous_16)
FNDA:0,(anonymous_17)
DA:1,1
DA:2,1
DA:3,1
DA:4,1
DA:5,1
DA:6,1
DA:7,1
DA:8,1
DA:9,1
DA:11,1
DA:15,0
DA:16,0
DA:19,0
DA:21,0
DA:22,0
DA:23,0
DA:26,0
DA:27,0
DA:28,0
DA:31,0
DA:32,0
DA:35,0
DA:36,0
DA:37,0
DA:39,0
DA:40,0
DA:41,0
DA:42,0
DA:43,0
DA:46,0
DA:47,0
DA:48,0
DA:52,0
DA:56,0
DA:57,0
DA:58,0
DA:59,0
DA:60,0
DA:62,0
DA:63,0
DA:64,0
DA:65,0
DA:66,0
DA:68,0
DA:70,0
DA:73,0
DA:74,0
DA:76,0
DA:77,0
DA:79,0
DA:80,0
DA:82,0
DA:85,0
DA:86,0
DA:89,0
DA:94,0
DA:95,0
DA:96,0
DA:99,0
DA:100,0
DA:102,0
DA:103,0
DA:104,0
DA:105,0
DA:108,0
DA:109,0
DA:110,0
DA:112,0
DA:114,0
DA:115,0
DA:116,0
DA:117,0
DA:118,0
DA:122,0
DA:123,0
DA:124,0
DA:125,0
DA:127,0
DA:128,0
DA:129,0
DA:131,0
DA:132,0
DA:133,0
DA:137,0
DA:141,0
DA:147,0
DA:150,0
DA:153,0
DA:154,0
DA:155,0
DA:156,0
DA:157,0
DA:158,0
DA:159,0
DA:160,0
DA:161,0
DA:164,0
DA:165,0
DA:166,0
DA:172,0
DA:183,0
DA:187,0
DA:188,0
DA:189,0
DA:190,0
DA:191,0
DA:192,0
DA:193,0
DA:195,0
DA:200,0
DA:205,0
DA:217,0
DA:218,0
DA:220,0
DA:221,0
DA:224,0
DA:226,0
DA:228,0
DA:231,0
DA:236,0
DA:238,0
DA:240,0
DA:241,0
DA:242,0
DA:243,0
DA:244,0
DA:247,0
DA:251,0
DA:252,0
DA:265,0
DA:269,0
DA:270,0
DA:272,0
DA:274,0
DA:279,0
DA:280,0
DA:281,0
DA:284,0
DA:285,0
DA:286,0
DA:287,0
DA:290,0
DA:291,0
DA:292,0
DA:293,0
DA:296,0
DA:300,0
DA:301,0
DA:303,0
DA:304,0
DA:305,0
DA:306,0
DA:309,0
DA:310,0
DA:311,0
DA:312,0
DA:315,0
DA:319,1
LF:158
LH:11
BRDA:14,0,0,0
BRDA:28,1,0,0
BRDA:28,1,1,0
BRDA:31,2,0,0
BRDA:31,2,1,0
BRDA:31,3,0,0
BRDA:31,3,1,0
BRDA:35,4,0,0
BRDA:35,4,1,0
BRDA:42,5,0,0
BRDA:42,5,1,0
BRDA:46,6,0,0
BRDA:46,6,1,0
BRDA:47,7,0,0
BRDA:47,7,1,0
BRDA:62,8,0,0
BRDA:62,8,1,0
BRDA:64,9,0,0
BRDA:64,9,1,0
BRDA:66,10,0,0
BRDA:66,10,1,0
BRDA:68,11,0,0
BRDA:68,11,1,0
BRDA:74,12,0,0
BRDA:74,12,1,0
BRDA:79,13,0,0
BRDA:79,13,1,0
BRDA:85,14,0,0
BRDA:85,14,1,0
BRDA:94,15,0,0
BRDA:94,15,1,0
BRDA:102,16,0,0
BRDA:102,16,1,0
BRDA:108,17,0,0
BRDA:108,17,1,0
BRDA:109,18,0,0
BRDA:109,18,1,0
BRDA:109,19,0,0
BRDA:109,19,1,0
BRDA:110,20,0,0
BRDA:110,20,1,0
BRDA:116,21,0,0
BRDA:116,21,1,0
BRDA:117,22,0,0
BRDA:117,22,1,0
BRDA:128,23,0,0
BRDA:128,23,1,0
BRDA:129,24,0,0
BRDA:129,24,1,0
BRDA:129,25,0,0
BRDA:129,25,1,0
BRDA:131,26,0,0
BRDA:131,26,1,0
BRDA:150,27,0,0
BRDA:150,27,1,0
BRDA:155,28,0,0
BRDA:155,28,1,0
BRDA:159,29,0,0
BRDA:159,29,1,0
BRDA:160,30,0,0
BRDA:160,30,1,0
BRDA:164,31,0,0
BRDA:164,31,1,0
BRDA:164,31,2,0
BRDA:164,32,0,0
BRDA:164,32,1,0
BRDA:164,32,2,0
BRDA:187,33,0,0
BRDA:187,33,1,0
BRDA:187,34,0,0
BRDA:187,34,1,0
BRDA:191,35,0,0
BRDA:191,35,1,0
BRDA:218,36,0,0
BRDA:218,36,1,0
BRDA:226,37,0,0
BRDA:226,37,1,0
BRDA:240,38,0,0
BRDA:240,38,1,0
BRDA:242,39,0,0
BRDA:242,39,1,0
BRDA:243,40,0,0
BRDA:243,40,1,0
BRDA:251,41,0,0
BRDA:251,41,1,0
BRDA:269,42,0,0
BRDA:269,42,1,0
BRDA:272,43,0,0
BRDA:272,43,1,0
BRDA:280,44,0,0
BRDA:280,44,1,0
BRDA:284,45,0,0
BRDA:284,45,1,0
BRDA:284,46,0,0
BRDA:284,46,1,0
BRDA:286,47,0,0
BRDA:286,47,1,0
BRDA:286,48,0,0
BRDA:286,48,1,0
BRDA:290,49,0,0
BRDA:290,49,1,0
BRDA:292,50,0,0
BRDA:292,50,1,0
BRDA:293,51,0,0
BRDA:293,51,1,0
BRDA:301,52,0,0
BRDA:301,52,1,0
BRDA:303,53,0,0
BRDA:303,53,1,0
BRDA:304,54,0,0
BRDA:304,54,1,0
BRDA:310,55,0,0
BRDA:310,55,1,0
BRF:113
BRH:0
end_of_record
TN:
SF:services\fcm.service.js
FN:9,(anonymous_0)
FN:19,(anonymous_1)
FN:22,(anonymous_2)
FN:46,(anonymous_3)
FNF:4
FNH:1
FNDA:1,(anonymous_0)
FNDA:0,(anonymous_1)
FNDA:0,(anonymous_2)
FNDA:0,(anonymous_3)
DA:1,1
DA:2,1
DA:10,1
DA:20,0
DA:22,0
DA:23,0
DA:24,0
DA:25,0
DA:29,0
DA:32,0
DA:34,0
DA:35,0
DA:36,0
DA:38,0
DA:39,0
DA:47,0
DA:58,0
DA:62,1
LF:18
LH:4
BRDA:23,0,0,0
BRDA:23,0,1,0
BRF:2
BRH:0
end_of_record
TN:
SF:utils\appError.js
FN:2,(anonymous_0)
FNF:1
FNH:0
FNDA:0,(anonymous_0)
DA:3,0
DA:5,0
DA:6,0
DA:7,0
DA:9,0
DA:13,1
LF:6
LH:1
BRDA:6,0,0,0
BRDA:6,0,1,0
BRF:2
BRH:0
end_of_record
TN:
SF:utils\driver-assignment.js
FN:7,getUsersColumns
FN:16,(anonymous_1)
FN:32,(anonymous_2)
FN:98,(anonymous_3)
FN:123,(anonymous_4)
FN:128,(anonymous_5)
FN:133,(anonymous_6)
FN:137,(anonymous_7)
FN:146,(anonymous_8)
FNF:9
FNH:0
FNDA:0,getUsersColumns
FNDA:0,(anonymous_1)
FNDA:0,(anonymous_2)
FNDA:0,(anonymous_3)
FNDA:0,(anonymous_4)
FNDA:0,(anonymous_5)
FNDA:0,(anonymous_6)
FNDA:0,(anonymous_7)
FNDA:0,(anonymous_8)
DA:1,1
DA:2,1
DA:3,1
DA:5,1
DA:8,0
DA:10,0
DA:16,0
DA:17,0
DA:32,1
DA:33,0
DA:35,0
DA:37,0
DA:38,0
DA:39,0
DA:40,0
DA:41,0
DA:43,0
DA:44,0
DA:50,0
DA:52,0
DA:53,0
DA:60,0
DA:61,0
DA:64,0
DA:65,0
DA:68,0
DA:87,0
DA:89,0
DA:90,0
DA:91,0
DA:94,0
DA:95,0
DA:96,0
DA:98,0
DA:99,0
DA:105,0
DA:114,0
DA:123,0
DA:124,0
DA:125,0
DA:128,0
DA:129,0
DA:130,0
DA:133,0
DA:137,0
DA:139,0
DA:140,0
DA:141,0
DA:142,0
DA:146,0
DA:147,0
DA:148,0
DA:150,0
DA:151,0
DA:153,0
DA:156,0
DA:159,0
DA:167,0
DA:170,0
DA:171,0
DA:177,0
DA:178,0
DA:179,0
DA:180,0
DA:184,0
DA:185,0
DA:186,0
DA:187,0
DA:190,0
DA:193,0
DA:196,0
DA:197,0
DA:199,0
DA:203,0
DA:204,0
DA:208,1
LF:76
LH:6
BRDA:8,0,0,0
BRDA:8,0,1,0
BRDA:32,1,0,0
BRDA:38,2,0,0
BRDA:38,2,1,0
BRDA:40,3,0,0
BRDA:40,3,1,0
BRDA:43,4,0,0
BRDA:43,4,1,0
BRDA:43,5,0,0
BRDA:43,5,1,0
BRDA:52,6,0,0
BRDA:52,6,1,0
BRDA:52,7,0,0
BRDA:52,7,1,0
BRDA:61,8,0,0
BRDA:61,8,1,0
BRDA:63,9,0,0
BRDA:63,9,1,0
BRDA:64,10,0,0
BRDA:64,10,1,0
BRDA:65,11,0,0
BRDA:65,11,1,0
BRDA:89,12,0,0
BRDA:89,12,1,0
BRDA:124,13,0,0
BRDA:124,13,1,0
BRDA:129,14,0,0
BRDA:129,14,1,0
BRDA:135,15,0,0
BRDA:135,15,1,0
BRDA:136,16,0,0
BRDA:136,16,1,0
BRDA:137,17,0,0
BRDA:137,17,1,0
BRDA:139,18,0,0
BRDA:139,18,1,0
BRDA:147,19,0,0
BRDA:147,19,1,0
BRDA:147,20,0,0
BRDA:147,20,1,0
BRDA:148,21,0,0
BRDA:148,21,1,0
BRDA:150,22,0,0
BRDA:150,22,1,0
BRDA:150,23,0,0
BRDA:150,23,1,0
BRDA:151,24,0,0
BRDA:151,24,1,0
BRDA:153,25,0,0
BRDA:153,25,1,0
BRDA:153,26,0,0
BRDA:153,26,1,0
BRDA:170,27,0,0
BRDA:170,27,1,0
BRDA:174,28,0,0
BRDA:174,28,1,0
BRDA:177,29,0,0
BRDA:177,29,1,0
BRDA:186,30,0,0
BRDA:186,30,1,0
BRDA:186,31,0,0
BRDA:186,31,1,0
BRF:63
BRH:0
end_of_record
TN:
SF:utils\generate-tracking-code.js
FN:6,generateTrackingCode
FNF:1
FNH:0
FNDA:0,generateTrackingCode
DA:1,1
DA:3,1
DA:4,1
DA:7,0
DA:8,0
DA:9,0
DA:10,0
DA:12,0
DA:15,1
LF:9
LH:4
BRF:0
BRH:0
end_of_record
TN:
SF:utils\logger.js
FN:19,(anonymous_0)
FNF:1
FNH:1
FNDA:6,(anonymous_0)
DA:1,1
DA:5,1
DA:20,6
DA:34,1
LF:4
LH:4
BRDA:6,0,0,0
BRDA:6,0,1,1
BRDA:24,1,0,1
BRDA:24,1,1,0
BRF:4
BRH:2
end_of_record
TN:
SF:utils\monitoring.js
FN:9,(anonymous_0)
FN:20,(anonymous_1)
FN:27,(anonymous_2)
FNF:3
FNH:0
FNDA:0,(anonymous_0)
FNDA:0,(anonymous_1)
FNDA:0,(anonymous_2)
DA:1,1
DA:2,1
DA:10,0
DA:11,0
DA:16,0
DA:21,0
DA:22,0
DA:23,0
DA:28,0
DA:29,0
DA:30,0
DA:35,1
LF:12
LH:3
BRDA:10,0,0,0
BRDA:10,0,1,0
BRDA:13,1,0,0
BRDA:13,1,1,0
BRDA:20,2,0,0
BRDA:22,3,0,0
BRDA:22,3,1,0
BRDA:27,4,0,0
BRDA:27,5,0,0
BRDA:29,6,0,0
BRDA:29,6,1,0
BRDA:29,7,0,0
BRDA:29,7,1,0
BRF:13
BRH:0
end_of_record
TN:
SF:utils\parent-sync.js
FN:9,getTableColumns
FN:26,(anonymous_1)
FN:37,pickColumn
FN:63,syncParentOrderStatus
FN:134,(anonymous_4)
FN:145,(anonymous_5)
FN:195,(anonymous_6)
FN:210,(anonymous_7)
FNF:8
FNH:0
FNDA:0,getTableColumns
FNDA:0,(anonymous_1)
FNDA:0,pickColumn
FNDA:0,syncParentOrderStatus
FNDA:0,(anonymous_4)
FNDA:0,(anonymous_5)
FNDA:0,(anonymous_6)
FNDA:0,(anonymous_7)
DA:1,1
DA:2,1
DA:3,1
DA:5,1
DA:6,1
DA:7,1
DA:10,0
DA:16,0
DA:18,0
DA:19,0
DA:26,0
DA:27,0
DA:28,0
DA:29,0
DA:30,0
DA:32,0
DA:33,0
DA:38,0
DA:39,0
DA:41,0
DA:45,1
DA:64,0
DA:66,0
DA:67,0
DA:68,0
DA:70,0
DA:71,0
DA:72,0
DA:73,0
DA:74,0
DA:75,0
DA:76,0
DA:79,0
DA:80,0
DA:82,0
DA:85,0
DA:86,0
DA:87,0
DA:90,0
DA:91,0
DA:92,0
DA:95,0
DA:96,0
DA:97,0
DA:104,0
DA:105,0
DA:106,0
DA:108,0
DA:109,0
DA:112,0
DA:113,0
DA:114,0
DA:115,0
DA:117,0
DA:118,0
DA:119,0
DA:121,0
DA:134,0
DA:135,0
DA:136,0
DA:138,0
DA:140,0
DA:141,0
DA:142,0
DA:143,0
DA:145,0
DA:146,0
DA:147,0
DA:149,0
DA:151,0
DA:152,0
DA:153,0
DA:154,0
DA:156,0
DA:157,0
DA:158,0
DA:159,0
DA:162,0
DA:166,0
DA:172,0
DA:174,0
DA:175,0
DA:176,0
DA:177,0
DA:178,0
DA:179,0
DA:180,0
DA:181,0
DA:185,0
DA:186,0
DA:189,0
DA:190,0
DA:191,0
DA:192,0
DA:195,0
DA:196,0
DA:197,0
DA:198,0
DA:201,0
DA:203,0
DA:204,0
DA:205,0
DA:206,0
DA:210,0
DA:215,0
DA:216,0
DA:220,0
DA:221,0
DA:222,0
DA:223,0
DA:231,0
DA:235,0
DA:238,0
DA:240,0
DA:241,0
DA:242,0
DA:244,0
DA:248,1
LF:118
LH:8
BRDA:10,0,0,0
BRDA:10,0,1,0
BRDA:12,1,0,0
BRDA:12,1,1,0
BRDA:16,2,0,0
BRDA:16,2,1,0
BRDA:27,3,0,0
BRDA:27,3,1,0
BRDA:28,4,0,0
BRDA:28,4,1,0
BRDA:29,5,0,0
BRDA:29,5,1,0
BRDA:39,6,0,0
BRDA:39,6,1,0
BRDA:64,7,0,0
BRDA:64,7,1,0
BRDA:79,8,0,0
BRDA:79,8,1,0
BRDA:85,9,0,0
BRDA:85,9,1,0
BRDA:95,10,0,0
BRDA:95,10,1,0
BRDA:96,11,0,0
BRDA:96,11,1,0
BRDA:98,12,0,0
BRDA:98,12,1,0
BRDA:104,13,0,0
BRDA:104,13,1,0
BRDA:112,14,0,0
BRDA:112,14,1,0
BRDA:113,15,0,0
BRDA:113,15,1,0
BRDA:114,16,0,0
BRDA:114,16,1,0
BRDA:115,17,0,0
BRDA:115,17,1,0
BRDA:135,18,0,0
BRDA:135,18,1,0
BRDA:146,19,0,0
BRDA:146,19,1,0
BRDA:147,20,0,0
BRDA:147,20,1,0
BRDA:151,21,0,0
BRDA:151,21,1,0
BRDA:151,22,0,0
BRDA:151,22,1,0
BRDA:152,23,0,0
BRDA:152,23,1,0
BRDA:152,24,0,0
BRDA:152,24,1,0
BRDA:153,25,0,0
BRDA:153,25,1,0
BRDA:153,26,0,0
BRDA:153,26,1,0
BRDA:154,27,0,0
BRDA:154,27,1,0
BRDA:154,28,0,0
BRDA:154,28,1,0
BRDA:156,29,0,0
BRDA:156,29,1,0
BRDA:157,30,0,0
BRDA:157,30,1,0
BRDA:158,31,0,0
BRDA:158,31,1,0
BRDA:159,32,0,0
BRDA:159,32,1,0
BRDA:174,33,0,0
BRDA:174,33,1,0
BRDA:174,34,0,0
BRDA:174,34,1,0
BRDA:176,35,0,0
BRDA:176,35,1,0
BRDA:176,36,0,0
BRDA:176,36,1,0
BRDA:178,37,0,0
BRDA:178,37,1,0
BRDA:178,38,0,0
BRDA:178,38,1,0
BRDA:180,39,0,0
BRDA:180,39,1,0
BRDA:185,40,0,0
BRDA:185,40,1,0
BRDA:189,41,0,0
BRDA:189,41,1,0
BRDA:190,42,0,0
BRDA:190,42,1,0
BRDA:196,43,0,0
BRDA:196,43,1,0
BRDA:201,44,0,0
BRDA:201,44,1,0
BRDA:204,45,0,0
BRDA:204,45,1,0
BRDA:204,46,0,0
BRDA:204,46,1,0
BRDA:215,47,0,0
BRDA:215,47,1,0
BRDA:220,48,0,0
BRDA:220,48,1,0
BRDA:220,49,0,0
BRDA:220,49,1,0
BRF:100
BRH:0
end_of_record
TN:
SF:utils\queues.js
FN:15,(anonymous_0)
FN:26,(anonymous_1)
FN:44,(anonymous_2)
FN:52,(anonymous_3)
FN:53,(anonymous_4)
FN:54,(anonymous_5)
FN:55,(anonymous_6)
FN:76,(anonymous_7)
FN:88,(anonymous_8)
FN:102,(anonymous_9)
FN:131,(anonymous_10)
FN:139,(anonymous_11)
FN:142,(anonymous_12)
FN:143,(anonymous_13)
FN:158,(anonymous_14)
FN:184,(anonymous_15)
FN:220,(anonymous_16)
FN:238,(anonymous_17)
FN:246,(anonymous_18)
FN:249,(anonymous_19)
FN:264,(anonymous_20)
FN:265,(anonymous_21)
FNF:22
FNH:1
FNDA:0,(anonymous_0)
FNDA:0,(anonymous_1)
FNDA:0,(anonymous_2)
FNDA:0,(anonymous_3)
FNDA:0,(anonymous_4)
FNDA:0,(anonymous_5)
FNDA:0,(anonymous_6)
FNDA:0,(anonymous_7)
FNDA:0,(anonymous_8)
FNDA:0,(anonymous_9)
FNDA:0,(anonymous_10)
FNDA:0,(anonymous_11)
FNDA:0,(anonymous_12)
FNDA:0,(anonymous_13)
FNDA:0,(anonymous_14)
FNDA:0,(anonymous_15)
FNDA:0,(anonymous_16)
FNDA:0,(anonymous_17)
FNDA:0,(anonymous_18)
FNDA:0,(anonymous_19)
FNDA:0,(anonymous_20)
FNDA:1,(anonymous_21)
DA:1,1
DA:2,1
DA:3,1
DA:4,1
DA:5,1
DA:6,1
DA:11,1
DA:12,1
DA:15,1
DA:16,0
DA:17,0
DA:18,0
DA:19,0
DA:21,0
DA:26,1
DA:27,0
DA:30,0
DA:31,0
DA:32,0
DA:36,0
DA:38,0
DA:45,0
DA:46,0
DA:47,0
DA:52,0
DA:53,0
DA:54,0
DA:55,0
DA:56,0
DA:57,0
DA:58,0
DA:59,0
DA:61,0
DA:65,0
DA:66,0
DA:67,0
DA:68,0
DA:71,0
DA:72,0
DA:76,0
DA:77,0
DA:78,0
DA:79,0
DA:80,0
DA:81,0
DA:83,0
DA:85,0
DA:88,0
DA:89,0
DA:92,0
DA:102,0
DA:103,0
DA:104,0
DA:106,0
DA:107,0
DA:109,0
DA:113,0
DA:115,0
DA:116,0
DA:118,0
DA:119,0
DA:121,0
DA:124,0
DA:125,0
DA:130,0
DA:131,0
DA:132,0
DA:133,0
DA:134,0
DA:135,0
DA:136,0
DA:137,0
DA:138,0
DA:139,0
DA:142,0
DA:143,0
DA:147,0
DA:158,0
DA:159,0
DA:160,0
DA:170,0
DA:175,0
DA:176,0
DA:177,0
DA:179,0
DA:180,0
DA:181,0
DA:182,0
DA:184,0
DA:186,0
DA:188,0
DA:189,0
DA:193,0
DA:194,0
DA:195,0
DA:197,0
DA:198,0
DA:199,0
DA:201,0
DA:203,0
DA:204,0
DA:207,0
DA:208,0
DA:209,0
DA:210,0
DA:211,0
DA:212,0
DA:219,0
DA:220,0
DA:224,0
DA:225,0
DA:228,0
DA:230,0
DA:231,0
DA:237,0
DA:238,0
DA:239,0
DA:240,0
DA:241,0
DA:242,0
DA:243,0
DA:244,0
DA:245,0
DA:246,0
DA:249,0
DA:253,0
DA:258,0
DA:260,0
DA:263,1
DA:264,0
DA:265,1
LF:131
LH:12
BRDA:16,0,0,0
BRDA:16,0,1,0
BRDA:27,1,0,0
BRDA:27,1,1,0
BRDA:30,2,0,0
BRDA:30,2,1,0
BRDA:30,3,0,0
BRDA:30,3,1,0
BRDA:45,4,0,0
BRDA:45,4,1,0
BRDA:46,5,0,0
BRDA:46,5,1,0
BRDA:57,6,0,0
BRDA:57,6,1,0
BRDA:57,7,0,0
BRDA:57,7,1,0
BRDA:65,8,0,0
BRDA:65,8,1,0
BRDA:71,9,0,0
BRDA:71,9,1,0
BRDA:77,10,0,0
BRDA:77,10,1,0
BRDA:77,11,0,0
BRDA:77,11,1,0
BRDA:78,12,0,0
BRDA:78,12,1,0
BRDA:107,13,0,0
BRDA:107,13,1,0
BRDA:107,13,2,0
BRDA:107,13,3,0
BRDA:111,14,0,0
BRDA:111,14,1,0
BRDA:133,15,0,0
BRDA:133,15,1,0
BRDA:135,16,0,0
BRDA:135,16,1,0
BRDA:137,17,0,0
BRDA:137,17,1,0
BRDA:159,18,0,0
BRDA:159,18,1,0
BRDA:175,19,0,0
BRDA:175,19,1,0
BRDA:180,20,0,0
BRDA:180,20,1,0
BRDA:193,21,0,0
BRDA:193,21,1,0
BRDA:204,22,0,0
BRDA:204,22,1,0
BRDA:207,23,0,0
BRDA:207,23,1,0
BRDA:207,24,0,0
BRDA:207,24,1,0
BRDA:208,25,0,0
BRDA:208,25,1,0
BRDA:219,26,0,0
BRDA:219,26,1,0
BRDA:224,27,0,0
BRDA:224,27,1,0
BRDA:224,28,0,0
BRDA:224,28,1,0
BRDA:240,29,0,0
BRDA:240,29,1,0
BRDA:242,30,0,0
BRDA:242,30,1,0
BRDA:244,31,0,0
BRDA:244,31,1,0
BRF:66
BRH:0
end_of_record
TN:
SF:utils\redis.js
FN:4,(anonymous_0)
FN:26,(anonymous_1)
FN:49,(anonymous_2)
FN:63,(anonymous_3)
FN:95,(anonymous_4)
FN:100,(anonymous_5)
FN:104,(anonymous_6)
FN:116,(anonymous_7)
FN:133,(anonymous_8)
FNF:9
FNH:2
FNDA:1,(anonymous_0)
FNDA:1,(anonymous_1)
FNDA:0,(anonymous_2)
FNDA:0,(anonymous_3)
FNDA:0,(anonymous_4)
FNDA:0,(anonymous_5)
FNDA:0,(anonymous_6)
FNDA:0,(anonymous_7)
FNDA:0,(anonymous_8)
DA:1,1
DA:2,1
DA:4,1
DA:5,1
DA:6,1
DA:8,0
DA:11,1
DA:12,1
DA:13,1
DA:14,1
DA:16,1
DA:17,1
DA:22,1
DA:23,1
DA:24,1
DA:26,1
DA:27,1
DA:28,1
DA:29,1
DA:30,1
DA:32,0
DA:35,1
DA:48,1
DA:50,0
DA:51,0
DA:52,0
DA:53,0
DA:54,0
DA:57,0
DA:58,0
DA:63,1
DA:65,0
DA:66,0
DA:67,0
DA:68,0
DA:69,0
DA:71,0
DA:73,0
DA:74,0
DA:75,0
DA:76,0
DA:77,0
DA:80,0
DA:81,0
DA:82,0
DA:83,0
DA:84,0
DA:85,0
DA:87,0
DA:89,0
DA:90,0
DA:91,0
DA:95,1
DA:96,0
DA:97,0
DA:100,1
DA:101,0
DA:104,1
DA:105,0
DA:106,0
DA:107,0
DA:108,0
DA:116,1
DA:117,0
DA:118,0
DA:119,0
DA:120,0
DA:123,0
DA:124,0
DA:125,0
DA:126,0
DA:128,0
DA:129,0
DA:133,1
DA:135,1
LF:75
LH:28
BRDA:5,0,0,1
BRDA:5,0,1,0
BRDA:5,1,0,1
BRDA:5,1,1,1
BRDA:11,2,0,1
BRDA:11,2,1,0
BRDA:12,3,0,1
BRDA:12,3,1,1
BRDA:16,4,0,1
BRDA:16,4,1,0
BRDA:16,5,0,1
BRDA:16,5,1,1
BRDA:26,6,0,0
BRDA:26,7,0,0
BRDA:36,8,0,1
BRDA:36,8,1,0
BRDA:39,9,0,1
BRDA:39,9,1,0
BRDA:42,10,0,1
BRDA:42,10,1,1
BRDA:50,11,0,0
BRDA:50,11,1,0
BRDA:50,12,0,0
BRDA:50,12,1,0
BRDA:51,13,0,0
BRDA:51,13,1,0
BRDA:65,14,0,0
BRDA:65,14,1,0
BRDA:65,15,0,0
BRDA:65,15,1,0
BRDA:66,16,0,0
BRDA:66,16,1,0
BRDA:73,17,0,0
BRDA:73,17,1,0
BRDA:73,18,0,0
BRDA:73,18,1,0
BRDA:80,19,0,0
BRDA:80,19,1,0
BRDA:80,20,0,0
BRDA:80,20,1,0
BRDA:82,21,0,0
BRDA:82,21,1,0
BRDA:82,22,0,0
BRDA:82,22,1,0
BRDA:89,23,0,0
BRDA:89,23,1,0
BRDA:106,24,0,0
BRDA:106,24,1,0
BRDA:118,25,0,0
BRDA:118,25,1,0
BRDA:123,26,0,0
BRDA:123,26,1,0
BRDA:123,27,0,0
BRDA:123,27,1,0
BRF:54
BRH:13
end_of_record
